2026-02-01 23:19:36,381 | INFO | User wants stats analyser for the table : View Stats Averaged over 60 secs
2026-02-01 23:19:36,381 | INFO | User wants stats analyser for View Stats Averaged over 60 secs for the Name/Id : 10907017373:TestAndDev:6
2026-02-01 23:19:36,381 | INFO | Perf stats processing started
2026-02-01 23:19:36,385 | INFO | Total Bridge Default HTML files discovered: 40
2026-02-01 23:19:36,401 | INFO | Start Parsing the file: /Users/nandan.hegde@cohesity.com/Downloads/perf_ssc/bridge-default-html-files/perf-stats-20260130-103001/10.222.61.87.bridge.default.html
2026-02-01 23:19:36,863 | INFO | Finished Parsing file: /Users/nandan.hegde@cohesity.com/Downloads/perf_ssc/bridge-default-html-files/perf-stats-20260130-103001/10.222.61.87.bridge.default.html
2026-02-01 23:19:36,863 | INFO | Start Parsing the file: /Users/nandan.hegde@cohesity.com/Downloads/perf_ssc/bridge-default-html-files/perf-stats-20260130-103001/10.222.61.86.bridge.default.html
2026-02-01 23:19:37,303 | INFO | Finished Parsing file: /Users/nandan.hegde@cohesity.com/Downloads/perf_ssc/bridge-default-html-files/perf-stats-20260130-103001/10.222.61.86.bridge.default.html
2026-02-01 23:19:37,303 | INFO | Start Parsing the file: /Users/nandan.hegde@cohesity.com/Downloads/perf_ssc/bridge-default-html-files/perf-stats-20260130-103001/10.222.61.89.bridge.default.html
2026-02-01 23:19:37,784 | INFO | Finished Parsing file: /Users/nandan.hegde@cohesity.com/Downloads/perf_ssc/bridge-default-html-files/perf-stats-20260130-103001/10.222.61.89.bridge.default.html
2026-02-01 23:19:37,784 | INFO | Start Parsing the file: /Users/nandan.hegde@cohesity.com/Downloads/perf_ssc/bridge-default-html-files/perf-stats-20260130-103001/10.222.61.88.bridge.default.html
2026-02-01 23:19:38,313 | INFO | Finished Parsing file: /Users/nandan.hegde@cohesity.com/Downloads/perf_ssc/bridge-default-html-files/perf-stats-20260130-103001/10.222.61.88.bridge.default.html
2026-02-01 23:19:38,313 | INFO | Start Parsing the file: /Users/nandan.hegde@cohesity.com/Downloads/perf_ssc/bridge-default-html-files/perf-stats-20260130-111501/10.222.61.87.bridge.default.html
2026-02-01 23:19:38,758 | INFO | Finished Parsing file: /Users/nandan.hegde@cohesity.com/Downloads/perf_ssc/bridge-default-html-files/perf-stats-20260130-111501/10.222.61.87.bridge.default.html
2026-02-01 23:19:38,758 | INFO | Start Parsing the file: /Users/nandan.hegde@cohesity.com/Downloads/perf_ssc/bridge-default-html-files/perf-stats-20260130-111501/10.222.61.86.bridge.default.html
2026-02-01 23:19:39,223 | INFO | Finished Parsing file: /Users/nandan.hegde@cohesity.com/Downloads/perf_ssc/bridge-default-html-files/perf-stats-20260130-111501/10.222.61.86.bridge.default.html
2026-02-01 23:19:39,223 | INFO | Start Parsing the file: /Users/nandan.hegde@cohesity.com/Downloads/perf_ssc/bridge-default-html-files/perf-stats-20260130-111501/10.222.61.89.bridge.default.html
2026-02-01 23:19:39,632 | INFO | Finished Parsing file: /Users/nandan.hegde@cohesity.com/Downloads/perf_ssc/bridge-default-html-files/perf-stats-20260130-111501/10.222.61.89.bridge.default.html
2026-02-01 23:19:39,632 | INFO | Start Parsing the file: /Users/nandan.hegde@cohesity.com/Downloads/perf_ssc/bridge-default-html-files/perf-stats-20260130-111501/10.222.61.88.bridge.default.html
2026-02-01 23:19:40,117 | INFO | Finished Parsing file: /Users/nandan.hegde@cohesity.com/Downloads/perf_ssc/bridge-default-html-files/perf-stats-20260130-111501/10.222.61.88.bridge.default.html
2026-02-01 23:19:40,118 | INFO | Start Parsing the file: /Users/nandan.hegde@cohesity.com/Downloads/perf_ssc/bridge-default-html-files/perf-stats-20260130-101501/10.222.61.87.bridge.default.html
2026-02-01 23:19:40,589 | INFO | Finished Parsing file: /Users/nandan.hegde@cohesity.com/Downloads/perf_ssc/bridge-default-html-files/perf-stats-20260130-101501/10.222.61.87.bridge.default.html
2026-02-01 23:19:40,589 | INFO | Start Parsing the file: /Users/nandan.hegde@cohesity.com/Downloads/perf_ssc/bridge-default-html-files/perf-stats-20260130-101501/10.222.61.86.bridge.default.html
2026-02-01 23:19:41,043 | INFO | Finished Parsing file: /Users/nandan.hegde@cohesity.com/Downloads/perf_ssc/bridge-default-html-files/perf-stats-20260130-101501/10.222.61.86.bridge.default.html
2026-02-01 23:19:41,043 | INFO | Start Parsing the file: /Users/nandan.hegde@cohesity.com/Downloads/perf_ssc/bridge-default-html-files/perf-stats-20260130-101501/10.222.61.89.bridge.default.html
2026-02-01 23:19:41,465 | INFO | Finished Parsing file: /Users/nandan.hegde@cohesity.com/Downloads/perf_ssc/bridge-default-html-files/perf-stats-20260130-101501/10.222.61.89.bridge.default.html
2026-02-01 23:19:41,465 | INFO | Start Parsing the file: /Users/nandan.hegde@cohesity.com/Downloads/perf_ssc/bridge-default-html-files/perf-stats-20260130-101501/10.222.61.88.bridge.default.html
2026-02-01 23:19:42,032 | INFO | Finished Parsing file: /Users/nandan.hegde@cohesity.com/Downloads/perf_ssc/bridge-default-html-files/perf-stats-20260130-101501/10.222.61.88.bridge.default.html
2026-02-01 23:19:42,032 | INFO | Start Parsing the file: /Users/nandan.hegde@cohesity.com/Downloads/perf_ssc/bridge-default-html-files/perf-stats-20260130-113001/10.222.61.87.bridge.default.html
2026-02-01 23:19:42,452 | INFO | Finished Parsing file: /Users/nandan.hegde@cohesity.com/Downloads/perf_ssc/bridge-default-html-files/perf-stats-20260130-113001/10.222.61.87.bridge.default.html
2026-02-01 23:19:42,452 | INFO | Start Parsing the file: /Users/nandan.hegde@cohesity.com/Downloads/perf_ssc/bridge-default-html-files/perf-stats-20260130-113001/10.222.61.86.bridge.default.html
2026-02-01 23:19:42,956 | INFO | Finished Parsing file: /Users/nandan.hegde@cohesity.com/Downloads/perf_ssc/bridge-default-html-files/perf-stats-20260130-113001/10.222.61.86.bridge.default.html
2026-02-01 23:19:42,956 | INFO | Start Parsing the file: /Users/nandan.hegde@cohesity.com/Downloads/perf_ssc/bridge-default-html-files/perf-stats-20260130-113001/10.222.61.89.bridge.default.html
2026-02-01 23:19:43,311 | INFO | Finished Parsing file: /Users/nandan.hegde@cohesity.com/Downloads/perf_ssc/bridge-default-html-files/perf-stats-20260130-113001/10.222.61.89.bridge.default.html
2026-02-01 23:19:43,311 | INFO | Start Parsing the file: /Users/nandan.hegde@cohesity.com/Downloads/perf_ssc/bridge-default-html-files/perf-stats-20260130-113001/10.222.61.88.bridge.default.html
2026-02-01 23:19:43,793 | INFO | Finished Parsing file: /Users/nandan.hegde@cohesity.com/Downloads/perf_ssc/bridge-default-html-files/perf-stats-20260130-113001/10.222.61.88.bridge.default.html
2026-02-01 23:19:43,793 | INFO | Start Parsing the file: /Users/nandan.hegde@cohesity.com/Downloads/perf_ssc/bridge-default-html-files/perf-stats-20260130-091501/10.222.61.87.bridge.default.html
2026-02-01 23:19:44,212 | INFO | Finished Parsing file: /Users/nandan.hegde@cohesity.com/Downloads/perf_ssc/bridge-default-html-files/perf-stats-20260130-091501/10.222.61.87.bridge.default.html
2026-02-01 23:19:44,212 | INFO | Start Parsing the file: /Users/nandan.hegde@cohesity.com/Downloads/perf_ssc/bridge-default-html-files/perf-stats-20260130-091501/10.222.61.86.bridge.default.html
2026-02-01 23:19:44,751 | INFO | Finished Parsing file: /Users/nandan.hegde@cohesity.com/Downloads/perf_ssc/bridge-default-html-files/perf-stats-20260130-091501/10.222.61.86.bridge.default.html
2026-02-01 23:19:44,752 | INFO | Start Parsing the file: /Users/nandan.hegde@cohesity.com/Downloads/perf_ssc/bridge-default-html-files/perf-stats-20260130-091501/10.222.61.89.bridge.default.html
2026-02-01 23:19:45,178 | INFO | Finished Parsing file: /Users/nandan.hegde@cohesity.com/Downloads/perf_ssc/bridge-default-html-files/perf-stats-20260130-091501/10.222.61.89.bridge.default.html
2026-02-01 23:19:45,178 | INFO | Start Parsing the file: /Users/nandan.hegde@cohesity.com/Downloads/perf_ssc/bridge-default-html-files/perf-stats-20260130-091501/10.222.61.88.bridge.default.html
2026-02-01 23:19:45,791 | INFO | Finished Parsing file: /Users/nandan.hegde@cohesity.com/Downloads/perf_ssc/bridge-default-html-files/perf-stats-20260130-091501/10.222.61.88.bridge.default.html
2026-02-01 23:19:45,791 | INFO | Start Parsing the file: /Users/nandan.hegde@cohesity.com/Downloads/perf_ssc/bridge-default-html-files/perf-stats-20260130-093001/10.222.61.87.bridge.default.html
2026-02-01 23:19:46,199 | INFO | Finished Parsing file: /Users/nandan.hegde@cohesity.com/Downloads/perf_ssc/bridge-default-html-files/perf-stats-20260130-093001/10.222.61.87.bridge.default.html
2026-02-01 23:19:46,199 | INFO | Start Parsing the file: /Users/nandan.hegde@cohesity.com/Downloads/perf_ssc/bridge-default-html-files/perf-stats-20260130-093001/10.222.61.86.bridge.default.html
2026-02-01 23:19:46,723 | INFO | Finished Parsing file: /Users/nandan.hegde@cohesity.com/Downloads/perf_ssc/bridge-default-html-files/perf-stats-20260130-093001/10.222.61.86.bridge.default.html
2026-02-01 23:19:46,723 | INFO | Start Parsing the file: /Users/nandan.hegde@cohesity.com/Downloads/perf_ssc/bridge-default-html-files/perf-stats-20260130-093001/10.222.61.89.bridge.default.html
2026-02-01 23:19:47,161 | INFO | Finished Parsing file: /Users/nandan.hegde@cohesity.com/Downloads/perf_ssc/bridge-default-html-files/perf-stats-20260130-093001/10.222.61.89.bridge.default.html
2026-02-01 23:19:47,161 | INFO | Start Parsing the file: /Users/nandan.hegde@cohesity.com/Downloads/perf_ssc/bridge-default-html-files/perf-stats-20260130-093001/10.222.61.88.bridge.default.html
2026-02-01 23:19:47,711 | INFO | Finished Parsing file: /Users/nandan.hegde@cohesity.com/Downloads/perf_ssc/bridge-default-html-files/perf-stats-20260130-093001/10.222.61.88.bridge.default.html
2026-02-01 23:19:47,711 | INFO | Start Parsing the file: /Users/nandan.hegde@cohesity.com/Downloads/perf_ssc/bridge-default-html-files/perf-stats-20260130-100001/10.222.61.87.bridge.default.html
2026-02-01 23:19:48,139 | INFO | Finished Parsing file: /Users/nandan.hegde@cohesity.com/Downloads/perf_ssc/bridge-default-html-files/perf-stats-20260130-100001/10.222.61.87.bridge.default.html
2026-02-01 23:19:48,139 | INFO | Start Parsing the file: /Users/nandan.hegde@cohesity.com/Downloads/perf_ssc/bridge-default-html-files/perf-stats-20260130-100001/10.222.61.86.bridge.default.html
2026-02-01 23:19:48,559 | INFO | Finished Parsing file: /Users/nandan.hegde@cohesity.com/Downloads/perf_ssc/bridge-default-html-files/perf-stats-20260130-100001/10.222.61.86.bridge.default.html
2026-02-01 23:19:48,559 | INFO | Start Parsing the file: /Users/nandan.hegde@cohesity.com/Downloads/perf_ssc/bridge-default-html-files/perf-stats-20260130-100001/10.222.61.89.bridge.default.html
2026-02-01 23:19:48,936 | INFO | Finished Parsing file: /Users/nandan.hegde@cohesity.com/Downloads/perf_ssc/bridge-default-html-files/perf-stats-20260130-100001/10.222.61.89.bridge.default.html
2026-02-01 23:19:48,937 | INFO | Start Parsing the file: /Users/nandan.hegde@cohesity.com/Downloads/perf_ssc/bridge-default-html-files/perf-stats-20260130-100001/10.222.61.88.bridge.default.html
2026-02-01 23:19:49,364 | INFO | Finished Parsing file: /Users/nandan.hegde@cohesity.com/Downloads/perf_ssc/bridge-default-html-files/perf-stats-20260130-100001/10.222.61.88.bridge.default.html
2026-02-01 23:19:49,365 | INFO | Start Parsing the file: /Users/nandan.hegde@cohesity.com/Downloads/perf_ssc/bridge-default-html-files/perf-stats-20260130-110001/10.222.61.87.bridge.default.html
2026-02-01 23:19:49,810 | INFO | Finished Parsing file: /Users/nandan.hegde@cohesity.com/Downloads/perf_ssc/bridge-default-html-files/perf-stats-20260130-110001/10.222.61.87.bridge.default.html
2026-02-01 23:19:49,810 | INFO | Start Parsing the file: /Users/nandan.hegde@cohesity.com/Downloads/perf_ssc/bridge-default-html-files/perf-stats-20260130-110001/10.222.61.86.bridge.default.html
2026-02-01 23:19:50,268 | INFO | Finished Parsing file: /Users/nandan.hegde@cohesity.com/Downloads/perf_ssc/bridge-default-html-files/perf-stats-20260130-110001/10.222.61.86.bridge.default.html
2026-02-01 23:19:50,268 | INFO | Start Parsing the file: /Users/nandan.hegde@cohesity.com/Downloads/perf_ssc/bridge-default-html-files/perf-stats-20260130-110001/10.222.61.89.bridge.default.html
2026-02-01 23:19:50,725 | INFO | Finished Parsing file: /Users/nandan.hegde@cohesity.com/Downloads/perf_ssc/bridge-default-html-files/perf-stats-20260130-110001/10.222.61.89.bridge.default.html
2026-02-01 23:19:50,726 | INFO | Start Parsing the file: /Users/nandan.hegde@cohesity.com/Downloads/perf_ssc/bridge-default-html-files/perf-stats-20260130-110001/10.222.61.88.bridge.default.html
2026-02-01 23:19:51,232 | INFO | Finished Parsing file: /Users/nandan.hegde@cohesity.com/Downloads/perf_ssc/bridge-default-html-files/perf-stats-20260130-110001/10.222.61.88.bridge.default.html
2026-02-01 23:19:51,232 | INFO | Start Parsing the file: /Users/nandan.hegde@cohesity.com/Downloads/perf_ssc/bridge-default-html-files/perf-stats-20260130-094501/10.222.61.87.bridge.default.html
2026-02-01 23:19:51,640 | INFO | Finished Parsing file: /Users/nandan.hegde@cohesity.com/Downloads/perf_ssc/bridge-default-html-files/perf-stats-20260130-094501/10.222.61.87.bridge.default.html
2026-02-01 23:19:51,640 | INFO | Start Parsing the file: /Users/nandan.hegde@cohesity.com/Downloads/perf_ssc/bridge-default-html-files/perf-stats-20260130-094501/10.222.61.86.bridge.default.html
2026-02-01 23:19:52,131 | INFO | Finished Parsing file: /Users/nandan.hegde@cohesity.com/Downloads/perf_ssc/bridge-default-html-files/perf-stats-20260130-094501/10.222.61.86.bridge.default.html
2026-02-01 23:19:52,131 | INFO | Start Parsing the file: /Users/nandan.hegde@cohesity.com/Downloads/perf_ssc/bridge-default-html-files/perf-stats-20260130-094501/10.222.61.89.bridge.default.html
2026-02-01 23:19:52,636 | INFO | Finished Parsing file: /Users/nandan.hegde@cohesity.com/Downloads/perf_ssc/bridge-default-html-files/perf-stats-20260130-094501/10.222.61.89.bridge.default.html
2026-02-01 23:19:52,636 | INFO | Start Parsing the file: /Users/nandan.hegde@cohesity.com/Downloads/perf_ssc/bridge-default-html-files/perf-stats-20260130-094501/10.222.61.88.bridge.default.html
2026-02-01 23:19:53,222 | INFO | Finished Parsing file: /Users/nandan.hegde@cohesity.com/Downloads/perf_ssc/bridge-default-html-files/perf-stats-20260130-094501/10.222.61.88.bridge.default.html
2026-02-01 23:19:53,222 | INFO | Start Parsing the file: /Users/nandan.hegde@cohesity.com/Downloads/perf_ssc/bridge-default-html-files/perf-stats-20260130-104502/10.222.61.87.bridge.default.html
2026-02-01 23:19:53,667 | INFO | Finished Parsing file: /Users/nandan.hegde@cohesity.com/Downloads/perf_ssc/bridge-default-html-files/perf-stats-20260130-104502/10.222.61.87.bridge.default.html
2026-02-01 23:19:53,667 | INFO | Start Parsing the file: /Users/nandan.hegde@cohesity.com/Downloads/perf_ssc/bridge-default-html-files/perf-stats-20260130-104502/10.222.61.86.bridge.default.html
2026-02-01 23:19:54,170 | INFO | Finished Parsing file: /Users/nandan.hegde@cohesity.com/Downloads/perf_ssc/bridge-default-html-files/perf-stats-20260130-104502/10.222.61.86.bridge.default.html
2026-02-01 23:19:54,170 | INFO | Start Parsing the file: /Users/nandan.hegde@cohesity.com/Downloads/perf_ssc/bridge-default-html-files/perf-stats-20260130-104502/10.222.61.89.bridge.default.html
2026-02-01 23:19:54,541 | INFO | Finished Parsing file: /Users/nandan.hegde@cohesity.com/Downloads/perf_ssc/bridge-default-html-files/perf-stats-20260130-104502/10.222.61.89.bridge.default.html
2026-02-01 23:19:54,542 | INFO | Start Parsing the file: /Users/nandan.hegde@cohesity.com/Downloads/perf_ssc/bridge-default-html-files/perf-stats-20260130-104502/10.222.61.88.bridge.default.html
2026-02-01 23:19:55,030 | INFO | Finished Parsing file: /Users/nandan.hegde@cohesity.com/Downloads/perf_ssc/bridge-default-html-files/perf-stats-20260130-104502/10.222.61.88.bridge.default.html
2026-02-01 23:19:55,031 | INFO | Finished Parsing all files 
2026-02-01 23:19:55,031 | INFO | Rows: 11818, Columns: 24
2026-02-01 23:19:55,031 | INFO | Column Names Index(['time_created', 'perf_folder_name', 'bridge_node_ip', 'Name/Id',
       'Total/IOs', 'W_IOPS', 'W_BW', 'W_Lat', 'W_Avg OIO', 'W_Avg Size',
       'W_Rand %', 'W_Err', 'R_IOPS', 'R_BW', 'R_Lat', 'R_Avg OIO',
       'R_Avg Size', 'R_Rand %', 'R_Err', 'R_Zero %', 'R_Cache %', 'R_Hydra %',
       'R_SSD %', 'R_FAA %'],
      dtype='str')
2026-02-01 23:19:55,040 | INFO | No inactive bridge nodes to drop.
2026-02-01 23:19:55,040 | INFO | No inactive bridge nodes to drop.
2026-02-01 23:19:55,041 | INFO | Graph Output will be saved to /Users/nandan.hegde@cohesity.com/Downloads/perf_ssc/bridge_perf_analyser/output/output_20260201_231936/View_Stats_Averaged_over_60_secs 
2026-02-01 23:19:55,041 | INFO | Sorting Datframe by perf_folder_name
2026-02-01 23:19:55,041 | INFO | Started Plotting Graphs 
2026-02-01 23:19:55,041 | INFO | Plotting Graph for metric {display_name}
2026-02-01 23:19:55,273 | INFO | Saved plot image: /Users/nandan.hegde@cohesity.com/Downloads/perf_ssc/bridge_perf_analyser/output/output_20260201_231936/View_Stats_Averaged_over_60_secs/Write_IOPS_across_Perf_Traces_Across_Bridge_Node.png
2026-02-01 23:19:55,273 | INFO | Plotting Graph for metric {display_name}
2026-02-01 23:19:55,380 | INFO | Saved plot image: /Users/nandan.hegde@cohesity.com/Downloads/perf_ssc/bridge_perf_analyser/output/output_20260201_231936/View_Stats_Averaged_over_60_secs/Write_Bandwidth_MiB_s_across_Perf_Traces_Across_Bridge_Node.png
2026-02-01 23:19:55,380 | INFO | Plotting Graph for metric {display_name}
2026-02-01 23:19:55,502 | INFO | Saved plot image: /Users/nandan.hegde@cohesity.com/Downloads/perf_ssc/bridge_perf_analyser/output/output_20260201_231936/View_Stats_Averaged_over_60_secs/Write_Latency_µs_across_Perf_Traces_Across_Bridge_Node.png
2026-02-01 23:19:55,502 | INFO | Plotting Graph for metric {display_name}
2026-02-01 23:19:55,609 | INFO | Saved plot image: /Users/nandan.hegde@cohesity.com/Downloads/perf_ssc/bridge_perf_analyser/output/output_20260201_231936/View_Stats_Averaged_over_60_secs/Write_Avg_OIO_across_Perf_Traces_Across_Bridge_Node.png
2026-02-01 23:19:55,609 | INFO | Plotting Graph for metric {display_name}
2026-02-01 23:19:55,720 | INFO | Saved plot image: /Users/nandan.hegde@cohesity.com/Downloads/perf_ssc/bridge_perf_analyser/output/output_20260201_231936/View_Stats_Averaged_over_60_secs/Write_Avg_Size_KiB_across_Perf_Traces_Across_Bridge_Node.png
2026-02-01 23:19:55,720 | INFO | Plotting Graph for metric {display_name}
2026-02-01 23:19:55,826 | INFO | Saved plot image: /Users/nandan.hegde@cohesity.com/Downloads/perf_ssc/bridge_perf_analyser/output/output_20260201_231936/View_Stats_Averaged_over_60_secs/Write_Random_across_Perf_Traces_Across_Bridge_Node.png
2026-02-01 23:19:55,826 | INFO | Plotting Graph for metric {display_name}
2026-02-01 23:19:55,924 | INFO | Saved plot image: /Users/nandan.hegde@cohesity.com/Downloads/perf_ssc/bridge_perf_analyser/output/output_20260201_231936/View_Stats_Averaged_over_60_secs/Write_Errors_across_Perf_Traces_Across_Bridge_Node.png
2026-02-01 23:19:55,924 | INFO | Plotting Graph for metric {display_name}
2026-02-01 23:19:56,029 | INFO | Saved plot image: /Users/nandan.hegde@cohesity.com/Downloads/perf_ssc/bridge_perf_analyser/output/output_20260201_231936/View_Stats_Averaged_over_60_secs/Read_IOPS_across_Perf_Traces_Across_Bridge_Node.png
2026-02-01 23:19:56,029 | INFO | Plotting Graph for metric {display_name}
2026-02-01 23:19:56,156 | INFO | Saved plot image: /Users/nandan.hegde@cohesity.com/Downloads/perf_ssc/bridge_perf_analyser/output/output_20260201_231936/View_Stats_Averaged_over_60_secs/Read_Bandwidth_MiB_s_across_Perf_Traces_Across_Bridge_Node.png
2026-02-01 23:19:56,156 | INFO | Plotting Graph for metric {display_name}
2026-02-01 23:19:56,258 | INFO | Saved plot image: /Users/nandan.hegde@cohesity.com/Downloads/perf_ssc/bridge_perf_analyser/output/output_20260201_231936/View_Stats_Averaged_over_60_secs/Read_Latency_µs_across_Perf_Traces_Across_Bridge_Node.png
2026-02-01 23:19:56,258 | INFO | Plotting Graph for metric {display_name}
2026-02-01 23:19:56,358 | INFO | Saved plot image: /Users/nandan.hegde@cohesity.com/Downloads/perf_ssc/bridge_perf_analyser/output/output_20260201_231936/View_Stats_Averaged_over_60_secs/Read_Avg_OIO_across_Perf_Traces_Across_Bridge_Node.png
2026-02-01 23:19:56,358 | INFO | Plotting Graph for metric {display_name}
2026-02-01 23:19:56,463 | INFO | Saved plot image: /Users/nandan.hegde@cohesity.com/Downloads/perf_ssc/bridge_perf_analyser/output/output_20260201_231936/View_Stats_Averaged_over_60_secs/Read_Avg_Size_KiB_across_Perf_Traces_Across_Bridge_Node.png
2026-02-01 23:19:56,463 | INFO | Plotting Graph for metric {display_name}
2026-02-01 23:19:56,564 | INFO | Saved plot image: /Users/nandan.hegde@cohesity.com/Downloads/perf_ssc/bridge_perf_analyser/output/output_20260201_231936/View_Stats_Averaged_over_60_secs/Read_Random_across_Perf_Traces_Across_Bridge_Node.png
2026-02-01 23:19:56,564 | INFO | Plotting Graph for metric {display_name}
2026-02-01 23:19:56,661 | INFO | Saved plot image: /Users/nandan.hegde@cohesity.com/Downloads/perf_ssc/bridge_perf_analyser/output/output_20260201_231936/View_Stats_Averaged_over_60_secs/Read_Errors_across_Perf_Traces_Across_Bridge_Node.png
2026-02-01 23:19:56,661 | INFO | Plotting Graph for metric {display_name}
2026-02-01 23:19:56,757 | INFO | Saved plot image: /Users/nandan.hegde@cohesity.com/Downloads/perf_ssc/bridge_perf_analyser/output/output_20260201_231936/View_Stats_Averaged_over_60_secs/Read_Zero_across_Perf_Traces_Across_Bridge_Node.png
2026-02-01 23:19:56,757 | INFO | Plotting Graph for metric {display_name}
2026-02-01 23:19:56,856 | INFO | Saved plot image: /Users/nandan.hegde@cohesity.com/Downloads/perf_ssc/bridge_perf_analyser/output/output_20260201_231936/View_Stats_Averaged_over_60_secs/Read_Cache_across_Perf_Traces_Across_Bridge_Node.png
2026-02-01 23:19:56,856 | INFO | Plotting Graph for metric {display_name}
2026-02-01 23:19:56,954 | INFO | Saved plot image: /Users/nandan.hegde@cohesity.com/Downloads/perf_ssc/bridge_perf_analyser/output/output_20260201_231936/View_Stats_Averaged_over_60_secs/Read_Hydra_across_Perf_Traces_Across_Bridge_Node.png
2026-02-01 23:19:56,954 | INFO | Plotting Graph for metric {display_name}
2026-02-01 23:19:57,055 | INFO | Saved plot image: /Users/nandan.hegde@cohesity.com/Downloads/perf_ssc/bridge_perf_analyser/output/output_20260201_231936/View_Stats_Averaged_over_60_secs/Read_SSD_across_Perf_Traces_Across_Bridge_Node.png
2026-02-01 23:19:57,055 | INFO | Plotting Graph for metric {display_name}
2026-02-01 23:19:57,149 | INFO | Saved plot image: /Users/nandan.hegde@cohesity.com/Downloads/perf_ssc/bridge_perf_analyser/output/output_20260201_231936/View_Stats_Averaged_over_60_secs/Read_FAA_across_Perf_Traces_Across_Bridge_Node.png
2026-02-01 23:19:57,150 | INFO | Finished Plotting Graphs and its saved to folder {safe_stat_name}
