2026-02-01 23:21:05,772 | INFO | User wants stats analyser for the table : View Stats Averaged over 60 secs
2026-02-01 23:21:05,772 | INFO | User wants stats analyser for View Stats Averaged over 60 secs for the Name/Id : 10907017373:TestAndDev:6
2026-02-01 23:21:05,772 | INFO | Perf stats processing started
2026-02-01 23:21:05,777 | INFO | Total Bridge Default HTML files discovered: 40
2026-02-01 23:21:05,792 | INFO | Start Parsing the file: /Users/nandan.hegde@cohesity.com/Downloads/perf_ssc/bridge-default-html-files/perf-stats-20260130-103001/10.222.61.87.bridge.default.html
2026-02-01 23:21:06,246 | INFO | Finished Parsing file: /Users/nandan.hegde@cohesity.com/Downloads/perf_ssc/bridge-default-html-files/perf-stats-20260130-103001/10.222.61.87.bridge.default.html
2026-02-01 23:21:06,246 | INFO | Start Parsing the file: /Users/nandan.hegde@cohesity.com/Downloads/perf_ssc/bridge-default-html-files/perf-stats-20260130-103001/10.222.61.86.bridge.default.html
2026-02-01 23:21:06,685 | INFO | Finished Parsing file: /Users/nandan.hegde@cohesity.com/Downloads/perf_ssc/bridge-default-html-files/perf-stats-20260130-103001/10.222.61.86.bridge.default.html
2026-02-01 23:21:06,685 | INFO | Start Parsing the file: /Users/nandan.hegde@cohesity.com/Downloads/perf_ssc/bridge-default-html-files/perf-stats-20260130-103001/10.222.61.89.bridge.default.html
2026-02-01 23:21:07,166 | INFO | Finished Parsing file: /Users/nandan.hegde@cohesity.com/Downloads/perf_ssc/bridge-default-html-files/perf-stats-20260130-103001/10.222.61.89.bridge.default.html
2026-02-01 23:21:07,166 | INFO | Start Parsing the file: /Users/nandan.hegde@cohesity.com/Downloads/perf_ssc/bridge-default-html-files/perf-stats-20260130-103001/10.222.61.88.bridge.default.html
2026-02-01 23:21:07,660 | INFO | Finished Parsing file: /Users/nandan.hegde@cohesity.com/Downloads/perf_ssc/bridge-default-html-files/perf-stats-20260130-103001/10.222.61.88.bridge.default.html
2026-02-01 23:21:07,660 | INFO | Start Parsing the file: /Users/nandan.hegde@cohesity.com/Downloads/perf_ssc/bridge-default-html-files/perf-stats-20260130-111501/10.222.61.87.bridge.default.html
2026-02-01 23:21:08,104 | INFO | Finished Parsing file: /Users/nandan.hegde@cohesity.com/Downloads/perf_ssc/bridge-default-html-files/perf-stats-20260130-111501/10.222.61.87.bridge.default.html
2026-02-01 23:21:08,105 | INFO | Start Parsing the file: /Users/nandan.hegde@cohesity.com/Downloads/perf_ssc/bridge-default-html-files/perf-stats-20260130-111501/10.222.61.86.bridge.default.html
2026-02-01 23:21:08,571 | INFO | Finished Parsing file: /Users/nandan.hegde@cohesity.com/Downloads/perf_ssc/bridge-default-html-files/perf-stats-20260130-111501/10.222.61.86.bridge.default.html
2026-02-01 23:21:08,571 | INFO | Start Parsing the file: /Users/nandan.hegde@cohesity.com/Downloads/perf_ssc/bridge-default-html-files/perf-stats-20260130-111501/10.222.61.89.bridge.default.html
2026-02-01 23:21:08,978 | INFO | Finished Parsing file: /Users/nandan.hegde@cohesity.com/Downloads/perf_ssc/bridge-default-html-files/perf-stats-20260130-111501/10.222.61.89.bridge.default.html
2026-02-01 23:21:08,979 | INFO | Start Parsing the file: /Users/nandan.hegde@cohesity.com/Downloads/perf_ssc/bridge-default-html-files/perf-stats-20260130-111501/10.222.61.88.bridge.default.html
2026-02-01 23:21:09,461 | INFO | Finished Parsing file: /Users/nandan.hegde@cohesity.com/Downloads/perf_ssc/bridge-default-html-files/perf-stats-20260130-111501/10.222.61.88.bridge.default.html
2026-02-01 23:21:09,461 | INFO | Start Parsing the file: /Users/nandan.hegde@cohesity.com/Downloads/perf_ssc/bridge-default-html-files/perf-stats-20260130-101501/10.222.61.87.bridge.default.html
2026-02-01 23:21:09,932 | INFO | Finished Parsing file: /Users/nandan.hegde@cohesity.com/Downloads/perf_ssc/bridge-default-html-files/perf-stats-20260130-101501/10.222.61.87.bridge.default.html
2026-02-01 23:21:09,932 | INFO | Start Parsing the file: /Users/nandan.hegde@cohesity.com/Downloads/perf_ssc/bridge-default-html-files/perf-stats-20260130-101501/10.222.61.86.bridge.default.html
2026-02-01 23:21:10,386 | INFO | Finished Parsing file: /Users/nandan.hegde@cohesity.com/Downloads/perf_ssc/bridge-default-html-files/perf-stats-20260130-101501/10.222.61.86.bridge.default.html
2026-02-01 23:21:10,386 | INFO | Start Parsing the file: /Users/nandan.hegde@cohesity.com/Downloads/perf_ssc/bridge-default-html-files/perf-stats-20260130-101501/10.222.61.89.bridge.default.html
2026-02-01 23:21:10,797 | INFO | Finished Parsing file: /Users/nandan.hegde@cohesity.com/Downloads/perf_ssc/bridge-default-html-files/perf-stats-20260130-101501/10.222.61.89.bridge.default.html
2026-02-01 23:21:10,797 | INFO | Start Parsing the file: /Users/nandan.hegde@cohesity.com/Downloads/perf_ssc/bridge-default-html-files/perf-stats-20260130-101501/10.222.61.88.bridge.default.html
2026-02-01 23:21:11,365 | INFO | Finished Parsing file: /Users/nandan.hegde@cohesity.com/Downloads/perf_ssc/bridge-default-html-files/perf-stats-20260130-101501/10.222.61.88.bridge.default.html
2026-02-01 23:21:11,365 | INFO | Start Parsing the file: /Users/nandan.hegde@cohesity.com/Downloads/perf_ssc/bridge-default-html-files/perf-stats-20260130-113001/10.222.61.87.bridge.default.html
2026-02-01 23:21:11,773 | INFO | Finished Parsing file: /Users/nandan.hegde@cohesity.com/Downloads/perf_ssc/bridge-default-html-files/perf-stats-20260130-113001/10.222.61.87.bridge.default.html
2026-02-01 23:21:11,773 | INFO | Start Parsing the file: /Users/nandan.hegde@cohesity.com/Downloads/perf_ssc/bridge-default-html-files/perf-stats-20260130-113001/10.222.61.86.bridge.default.html
2026-02-01 23:21:12,278 | INFO | Finished Parsing file: /Users/nandan.hegde@cohesity.com/Downloads/perf_ssc/bridge-default-html-files/perf-stats-20260130-113001/10.222.61.86.bridge.default.html
2026-02-01 23:21:12,279 | INFO | Start Parsing the file: /Users/nandan.hegde@cohesity.com/Downloads/perf_ssc/bridge-default-html-files/perf-stats-20260130-113001/10.222.61.89.bridge.default.html
2026-02-01 23:21:12,635 | INFO | Finished Parsing file: /Users/nandan.hegde@cohesity.com/Downloads/perf_ssc/bridge-default-html-files/perf-stats-20260130-113001/10.222.61.89.bridge.default.html
2026-02-01 23:21:12,636 | INFO | Start Parsing the file: /Users/nandan.hegde@cohesity.com/Downloads/perf_ssc/bridge-default-html-files/perf-stats-20260130-113001/10.222.61.88.bridge.default.html
2026-02-01 23:21:13,110 | INFO | Finished Parsing file: /Users/nandan.hegde@cohesity.com/Downloads/perf_ssc/bridge-default-html-files/perf-stats-20260130-113001/10.222.61.88.bridge.default.html
2026-02-01 23:21:13,110 | INFO | Start Parsing the file: /Users/nandan.hegde@cohesity.com/Downloads/perf_ssc/bridge-default-html-files/perf-stats-20260130-091501/10.222.61.87.bridge.default.html
2026-02-01 23:21:13,522 | INFO | Finished Parsing file: /Users/nandan.hegde@cohesity.com/Downloads/perf_ssc/bridge-default-html-files/perf-stats-20260130-091501/10.222.61.87.bridge.default.html
2026-02-01 23:21:13,522 | INFO | Start Parsing the file: /Users/nandan.hegde@cohesity.com/Downloads/perf_ssc/bridge-default-html-files/perf-stats-20260130-091501/10.222.61.86.bridge.default.html
2026-02-01 23:21:14,004 | INFO | Finished Parsing file: /Users/nandan.hegde@cohesity.com/Downloads/perf_ssc/bridge-default-html-files/perf-stats-20260130-091501/10.222.61.86.bridge.default.html
2026-02-01 23:21:14,004 | INFO | Start Parsing the file: /Users/nandan.hegde@cohesity.com/Downloads/perf_ssc/bridge-default-html-files/perf-stats-20260130-091501/10.222.61.89.bridge.default.html
2026-02-01 23:21:14,426 | INFO | Finished Parsing file: /Users/nandan.hegde@cohesity.com/Downloads/perf_ssc/bridge-default-html-files/perf-stats-20260130-091501/10.222.61.89.bridge.default.html
2026-02-01 23:21:14,426 | INFO | Start Parsing the file: /Users/nandan.hegde@cohesity.com/Downloads/perf_ssc/bridge-default-html-files/perf-stats-20260130-091501/10.222.61.88.bridge.default.html
2026-02-01 23:21:14,941 | INFO | Finished Parsing file: /Users/nandan.hegde@cohesity.com/Downloads/perf_ssc/bridge-default-html-files/perf-stats-20260130-091501/10.222.61.88.bridge.default.html
2026-02-01 23:21:14,941 | INFO | Start Parsing the file: /Users/nandan.hegde@cohesity.com/Downloads/perf_ssc/bridge-default-html-files/perf-stats-20260130-093001/10.222.61.87.bridge.default.html
2026-02-01 23:21:15,339 | INFO | Finished Parsing file: /Users/nandan.hegde@cohesity.com/Downloads/perf_ssc/bridge-default-html-files/perf-stats-20260130-093001/10.222.61.87.bridge.default.html
2026-02-01 23:21:15,339 | INFO | Start Parsing the file: /Users/nandan.hegde@cohesity.com/Downloads/perf_ssc/bridge-default-html-files/perf-stats-20260130-093001/10.222.61.86.bridge.default.html
2026-02-01 23:21:15,800 | INFO | Finished Parsing file: /Users/nandan.hegde@cohesity.com/Downloads/perf_ssc/bridge-default-html-files/perf-stats-20260130-093001/10.222.61.86.bridge.default.html
2026-02-01 23:21:15,800 | INFO | Start Parsing the file: /Users/nandan.hegde@cohesity.com/Downloads/perf_ssc/bridge-default-html-files/perf-stats-20260130-093001/10.222.61.89.bridge.default.html
2026-02-01 23:21:16,213 | INFO | Finished Parsing file: /Users/nandan.hegde@cohesity.com/Downloads/perf_ssc/bridge-default-html-files/perf-stats-20260130-093001/10.222.61.89.bridge.default.html
2026-02-01 23:21:16,213 | INFO | Start Parsing the file: /Users/nandan.hegde@cohesity.com/Downloads/perf_ssc/bridge-default-html-files/perf-stats-20260130-093001/10.222.61.88.bridge.default.html
2026-02-01 23:21:16,683 | INFO | Finished Parsing file: /Users/nandan.hegde@cohesity.com/Downloads/perf_ssc/bridge-default-html-files/perf-stats-20260130-093001/10.222.61.88.bridge.default.html
2026-02-01 23:21:16,684 | INFO | Start Parsing the file: /Users/nandan.hegde@cohesity.com/Downloads/perf_ssc/bridge-default-html-files/perf-stats-20260130-100001/10.222.61.87.bridge.default.html
2026-02-01 23:21:17,104 | INFO | Finished Parsing file: /Users/nandan.hegde@cohesity.com/Downloads/perf_ssc/bridge-default-html-files/perf-stats-20260130-100001/10.222.61.87.bridge.default.html
2026-02-01 23:21:17,104 | INFO | Start Parsing the file: /Users/nandan.hegde@cohesity.com/Downloads/perf_ssc/bridge-default-html-files/perf-stats-20260130-100001/10.222.61.86.bridge.default.html
2026-02-01 23:21:17,503 | INFO | Finished Parsing file: /Users/nandan.hegde@cohesity.com/Downloads/perf_ssc/bridge-default-html-files/perf-stats-20260130-100001/10.222.61.86.bridge.default.html
2026-02-01 23:21:17,503 | INFO | Start Parsing the file: /Users/nandan.hegde@cohesity.com/Downloads/perf_ssc/bridge-default-html-files/perf-stats-20260130-100001/10.222.61.89.bridge.default.html
2026-02-01 23:21:17,879 | INFO | Finished Parsing file: /Users/nandan.hegde@cohesity.com/Downloads/perf_ssc/bridge-default-html-files/perf-stats-20260130-100001/10.222.61.89.bridge.default.html
2026-02-01 23:21:17,880 | INFO | Start Parsing the file: /Users/nandan.hegde@cohesity.com/Downloads/perf_ssc/bridge-default-html-files/perf-stats-20260130-100001/10.222.61.88.bridge.default.html
2026-02-01 23:21:18,304 | INFO | Finished Parsing file: /Users/nandan.hegde@cohesity.com/Downloads/perf_ssc/bridge-default-html-files/perf-stats-20260130-100001/10.222.61.88.bridge.default.html
2026-02-01 23:21:18,305 | INFO | Start Parsing the file: /Users/nandan.hegde@cohesity.com/Downloads/perf_ssc/bridge-default-html-files/perf-stats-20260130-110001/10.222.61.87.bridge.default.html
2026-02-01 23:21:18,752 | INFO | Finished Parsing file: /Users/nandan.hegde@cohesity.com/Downloads/perf_ssc/bridge-default-html-files/perf-stats-20260130-110001/10.222.61.87.bridge.default.html
2026-02-01 23:21:18,752 | INFO | Start Parsing the file: /Users/nandan.hegde@cohesity.com/Downloads/perf_ssc/bridge-default-html-files/perf-stats-20260130-110001/10.222.61.86.bridge.default.html
2026-02-01 23:21:19,207 | INFO | Finished Parsing file: /Users/nandan.hegde@cohesity.com/Downloads/perf_ssc/bridge-default-html-files/perf-stats-20260130-110001/10.222.61.86.bridge.default.html
2026-02-01 23:21:19,208 | INFO | Start Parsing the file: /Users/nandan.hegde@cohesity.com/Downloads/perf_ssc/bridge-default-html-files/perf-stats-20260130-110001/10.222.61.89.bridge.default.html
2026-02-01 23:21:19,653 | INFO | Finished Parsing file: /Users/nandan.hegde@cohesity.com/Downloads/perf_ssc/bridge-default-html-files/perf-stats-20260130-110001/10.222.61.89.bridge.default.html
2026-02-01 23:21:19,653 | INFO | Start Parsing the file: /Users/nandan.hegde@cohesity.com/Downloads/perf_ssc/bridge-default-html-files/perf-stats-20260130-110001/10.222.61.88.bridge.default.html
2026-02-01 23:21:20,130 | INFO | Finished Parsing file: /Users/nandan.hegde@cohesity.com/Downloads/perf_ssc/bridge-default-html-files/perf-stats-20260130-110001/10.222.61.88.bridge.default.html
2026-02-01 23:21:20,131 | INFO | Start Parsing the file: /Users/nandan.hegde@cohesity.com/Downloads/perf_ssc/bridge-default-html-files/perf-stats-20260130-094501/10.222.61.87.bridge.default.html
2026-02-01 23:21:20,535 | INFO | Finished Parsing file: /Users/nandan.hegde@cohesity.com/Downloads/perf_ssc/bridge-default-html-files/perf-stats-20260130-094501/10.222.61.87.bridge.default.html
2026-02-01 23:21:20,535 | INFO | Start Parsing the file: /Users/nandan.hegde@cohesity.com/Downloads/perf_ssc/bridge-default-html-files/perf-stats-20260130-094501/10.222.61.86.bridge.default.html
2026-02-01 23:21:21,014 | INFO | Finished Parsing file: /Users/nandan.hegde@cohesity.com/Downloads/perf_ssc/bridge-default-html-files/perf-stats-20260130-094501/10.222.61.86.bridge.default.html
2026-02-01 23:21:21,014 | INFO | Start Parsing the file: /Users/nandan.hegde@cohesity.com/Downloads/perf_ssc/bridge-default-html-files/perf-stats-20260130-094501/10.222.61.89.bridge.default.html
2026-02-01 23:21:21,486 | INFO | Finished Parsing file: /Users/nandan.hegde@cohesity.com/Downloads/perf_ssc/bridge-default-html-files/perf-stats-20260130-094501/10.222.61.89.bridge.default.html
2026-02-01 23:21:21,486 | INFO | Start Parsing the file: /Users/nandan.hegde@cohesity.com/Downloads/perf_ssc/bridge-default-html-files/perf-stats-20260130-094501/10.222.61.88.bridge.default.html
2026-02-01 23:21:21,986 | INFO | Finished Parsing file: /Users/nandan.hegde@cohesity.com/Downloads/perf_ssc/bridge-default-html-files/perf-stats-20260130-094501/10.222.61.88.bridge.default.html
2026-02-01 23:21:21,986 | INFO | Start Parsing the file: /Users/nandan.hegde@cohesity.com/Downloads/perf_ssc/bridge-default-html-files/perf-stats-20260130-104502/10.222.61.87.bridge.default.html
2026-02-01 23:21:22,431 | INFO | Finished Parsing file: /Users/nandan.hegde@cohesity.com/Downloads/perf_ssc/bridge-default-html-files/perf-stats-20260130-104502/10.222.61.87.bridge.default.html
2026-02-01 23:21:22,431 | INFO | Start Parsing the file: /Users/nandan.hegde@cohesity.com/Downloads/perf_ssc/bridge-default-html-files/perf-stats-20260130-104502/10.222.61.86.bridge.default.html
2026-02-01 23:21:22,895 | INFO | Finished Parsing file: /Users/nandan.hegde@cohesity.com/Downloads/perf_ssc/bridge-default-html-files/perf-stats-20260130-104502/10.222.61.86.bridge.default.html
2026-02-01 23:21:22,895 | INFO | Start Parsing the file: /Users/nandan.hegde@cohesity.com/Downloads/perf_ssc/bridge-default-html-files/perf-stats-20260130-104502/10.222.61.89.bridge.default.html
2026-02-01 23:21:23,266 | INFO | Finished Parsing file: /Users/nandan.hegde@cohesity.com/Downloads/perf_ssc/bridge-default-html-files/perf-stats-20260130-104502/10.222.61.89.bridge.default.html
2026-02-01 23:21:23,266 | INFO | Start Parsing the file: /Users/nandan.hegde@cohesity.com/Downloads/perf_ssc/bridge-default-html-files/perf-stats-20260130-104502/10.222.61.88.bridge.default.html
2026-02-01 23:21:23,754 | INFO | Finished Parsing file: /Users/nandan.hegde@cohesity.com/Downloads/perf_ssc/bridge-default-html-files/perf-stats-20260130-104502/10.222.61.88.bridge.default.html
2026-02-01 23:21:23,754 | INFO | Finished Parsing all files 
2026-02-01 23:21:23,754 | INFO | Rows: 11818, Columns: 24
2026-02-01 23:21:23,754 | INFO | Column Names Index(['time_created', 'perf_folder_name', 'bridge_node_ip', 'Name/Id',
       'Total/IOs', 'W_IOPS', 'W_BW', 'W_Lat', 'W_Avg OIO', 'W_Avg Size',
       'W_Rand %', 'W_Err', 'R_IOPS', 'R_BW', 'R_Lat', 'R_Avg OIO',
       'R_Avg Size', 'R_Rand %', 'R_Err', 'R_Zero %', 'R_Cache %', 'R_Hydra %',
       'R_SSD %', 'R_FAA %'],
      dtype='str')
2026-02-01 23:21:23,755 | INFO | Sorting Datframe by perf_folder_name
2026-02-01 23:21:23,762 | INFO | No inactive bridge nodes to drop.
2026-02-01 23:21:23,762 | INFO | No inactive bridge nodes to drop.
2026-02-01 23:21:23,762 | INFO | Graph Output will be saved to /Users/nandan.hegde@cohesity.com/Downloads/perf_ssc/bridge_perf_analyser/output/output_20260201_232105/View_Stats_Averaged_over_60_secs 
2026-02-01 23:21:23,762 | INFO | Started Plotting Graphs 
2026-02-01 23:21:23,762 | INFO | Plotting Graph for metric {display_name}
2026-02-01 23:21:23,981 | INFO | Saved plot image: /Users/nandan.hegde@cohesity.com/Downloads/perf_ssc/bridge_perf_analyser/output/output_20260201_232105/View_Stats_Averaged_over_60_secs/Write_IOPS_across_Perf_Traces_Across_Bridge_Node.png
2026-02-01 23:21:23,981 | INFO | Plotting Graph for metric {display_name}
2026-02-01 23:21:24,090 | INFO | Saved plot image: /Users/nandan.hegde@cohesity.com/Downloads/perf_ssc/bridge_perf_analyser/output/output_20260201_232105/View_Stats_Averaged_over_60_secs/Write_Bandwidth_MiB_s_across_Perf_Traces_Across_Bridge_Node.png
2026-02-01 23:21:24,090 | INFO | Plotting Graph for metric {display_name}
2026-02-01 23:21:24,201 | INFO | Saved plot image: /Users/nandan.hegde@cohesity.com/Downloads/perf_ssc/bridge_perf_analyser/output/output_20260201_232105/View_Stats_Averaged_over_60_secs/Write_Latency_µs_across_Perf_Traces_Across_Bridge_Node.png
2026-02-01 23:21:24,201 | INFO | Plotting Graph for metric {display_name}
2026-02-01 23:21:24,307 | INFO | Saved plot image: /Users/nandan.hegde@cohesity.com/Downloads/perf_ssc/bridge_perf_analyser/output/output_20260201_232105/View_Stats_Averaged_over_60_secs/Write_Avg_OIO_across_Perf_Traces_Across_Bridge_Node.png
2026-02-01 23:21:24,307 | INFO | Plotting Graph for metric {display_name}
2026-02-01 23:21:24,417 | INFO | Saved plot image: /Users/nandan.hegde@cohesity.com/Downloads/perf_ssc/bridge_perf_analyser/output/output_20260201_232105/View_Stats_Averaged_over_60_secs/Write_Avg_Size_KiB_across_Perf_Traces_Across_Bridge_Node.png
2026-02-01 23:21:24,417 | INFO | Plotting Graph for metric {display_name}
2026-02-01 23:21:24,523 | INFO | Saved plot image: /Users/nandan.hegde@cohesity.com/Downloads/perf_ssc/bridge_perf_analyser/output/output_20260201_232105/View_Stats_Averaged_over_60_secs/Write_Random_across_Perf_Traces_Across_Bridge_Node.png
2026-02-01 23:21:24,523 | INFO | Plotting Graph for metric {display_name}
2026-02-01 23:21:24,618 | INFO | Saved plot image: /Users/nandan.hegde@cohesity.com/Downloads/perf_ssc/bridge_perf_analyser/output/output_20260201_232105/View_Stats_Averaged_over_60_secs/Write_Errors_across_Perf_Traces_Across_Bridge_Node.png
2026-02-01 23:21:24,618 | INFO | Plotting Graph for metric {display_name}
2026-02-01 23:21:24,723 | INFO | Saved plot image: /Users/nandan.hegde@cohesity.com/Downloads/perf_ssc/bridge_perf_analyser/output/output_20260201_232105/View_Stats_Averaged_over_60_secs/Read_IOPS_across_Perf_Traces_Across_Bridge_Node.png
2026-02-01 23:21:24,723 | INFO | Plotting Graph for metric {display_name}
2026-02-01 23:21:24,826 | INFO | Saved plot image: /Users/nandan.hegde@cohesity.com/Downloads/perf_ssc/bridge_perf_analyser/output/output_20260201_232105/View_Stats_Averaged_over_60_secs/Read_Bandwidth_MiB_s_across_Perf_Traces_Across_Bridge_Node.png
2026-02-01 23:21:24,826 | INFO | Plotting Graph for metric {display_name}
2026-02-01 23:21:24,929 | INFO | Saved plot image: /Users/nandan.hegde@cohesity.com/Downloads/perf_ssc/bridge_perf_analyser/output/output_20260201_232105/View_Stats_Averaged_over_60_secs/Read_Latency_µs_across_Perf_Traces_Across_Bridge_Node.png
2026-02-01 23:21:24,929 | INFO | Plotting Graph for metric {display_name}
2026-02-01 23:21:25,025 | INFO | Saved plot image: /Users/nandan.hegde@cohesity.com/Downloads/perf_ssc/bridge_perf_analyser/output/output_20260201_232105/View_Stats_Averaged_over_60_secs/Read_Avg_OIO_across_Perf_Traces_Across_Bridge_Node.png
2026-02-01 23:21:25,025 | INFO | Plotting Graph for metric {display_name}
2026-02-01 23:21:25,131 | INFO | Saved plot image: /Users/nandan.hegde@cohesity.com/Downloads/perf_ssc/bridge_perf_analyser/output/output_20260201_232105/View_Stats_Averaged_over_60_secs/Read_Avg_Size_KiB_across_Perf_Traces_Across_Bridge_Node.png
2026-02-01 23:21:25,131 | INFO | Plotting Graph for metric {display_name}
2026-02-01 23:21:25,232 | INFO | Saved plot image: /Users/nandan.hegde@cohesity.com/Downloads/perf_ssc/bridge_perf_analyser/output/output_20260201_232105/View_Stats_Averaged_over_60_secs/Read_Random_across_Perf_Traces_Across_Bridge_Node.png
2026-02-01 23:21:25,232 | INFO | Plotting Graph for metric {display_name}
2026-02-01 23:21:25,328 | INFO | Saved plot image: /Users/nandan.hegde@cohesity.com/Downloads/perf_ssc/bridge_perf_analyser/output/output_20260201_232105/View_Stats_Averaged_over_60_secs/Read_Errors_across_Perf_Traces_Across_Bridge_Node.png
2026-02-01 23:21:25,329 | INFO | Plotting Graph for metric {display_name}
2026-02-01 23:21:25,427 | INFO | Saved plot image: /Users/nandan.hegde@cohesity.com/Downloads/perf_ssc/bridge_perf_analyser/output/output_20260201_232105/View_Stats_Averaged_over_60_secs/Read_Zero_across_Perf_Traces_Across_Bridge_Node.png
2026-02-01 23:21:25,427 | INFO | Plotting Graph for metric {display_name}
2026-02-01 23:21:25,528 | INFO | Saved plot image: /Users/nandan.hegde@cohesity.com/Downloads/perf_ssc/bridge_perf_analyser/output/output_20260201_232105/View_Stats_Averaged_over_60_secs/Read_Cache_across_Perf_Traces_Across_Bridge_Node.png
2026-02-01 23:21:25,528 | INFO | Plotting Graph for metric {display_name}
2026-02-01 23:21:25,630 | INFO | Saved plot image: /Users/nandan.hegde@cohesity.com/Downloads/perf_ssc/bridge_perf_analyser/output/output_20260201_232105/View_Stats_Averaged_over_60_secs/Read_Hydra_across_Perf_Traces_Across_Bridge_Node.png
2026-02-01 23:21:25,630 | INFO | Plotting Graph for metric {display_name}
2026-02-01 23:21:25,738 | INFO | Saved plot image: /Users/nandan.hegde@cohesity.com/Downloads/perf_ssc/bridge_perf_analyser/output/output_20260201_232105/View_Stats_Averaged_over_60_secs/Read_SSD_across_Perf_Traces_Across_Bridge_Node.png
2026-02-01 23:21:25,738 | INFO | Plotting Graph for metric {display_name}
2026-02-01 23:21:25,838 | INFO | Saved plot image: /Users/nandan.hegde@cohesity.com/Downloads/perf_ssc/bridge_perf_analyser/output/output_20260201_232105/View_Stats_Averaged_over_60_secs/Read_FAA_across_Perf_Traces_Across_Bridge_Node.png
2026-02-01 23:21:25,838 | INFO | Finished Plotting Graphs and its saved to folder {safe_stat_name}
