2026-02-02 09:16:32,030 | INFO | User wants stats analyser for the table : View Stats Averaged over 60 secs
2026-02-02 09:16:32,030 | INFO | User wants stats analyser for View Stats Averaged over 60 secs for the Name/Id : 10907017373:TestAndDev:6
2026-02-02 09:16:32,036 | INFO | Total Bridge Default HTML files discovered: 40
2026-02-02 09:16:32,061 | INFO | Start Parsing the file: /Users/nandan.hegde@cohesity.com/Downloads/perf_ssc/bridge-default-html-files/perf-stats-20260130-103001/10.222.61.87.bridge.default.html
2026-02-02 09:16:32,606 | INFO | Finished Parsing file: /Users/nandan.hegde@cohesity.com/Downloads/perf_ssc/bridge-default-html-files/perf-stats-20260130-103001/10.222.61.87.bridge.default.html
2026-02-02 09:16:32,606 | INFO | Start Parsing the file: /Users/nandan.hegde@cohesity.com/Downloads/perf_ssc/bridge-default-html-files/perf-stats-20260130-103001/10.222.61.86.bridge.default.html
2026-02-02 09:16:33,163 | INFO | Finished Parsing file: /Users/nandan.hegde@cohesity.com/Downloads/perf_ssc/bridge-default-html-files/perf-stats-20260130-103001/10.222.61.86.bridge.default.html
2026-02-02 09:16:33,163 | INFO | Start Parsing the file: /Users/nandan.hegde@cohesity.com/Downloads/perf_ssc/bridge-default-html-files/perf-stats-20260130-103001/10.222.61.89.bridge.default.html
2026-02-02 09:16:33,692 | INFO | Finished Parsing file: /Users/nandan.hegde@cohesity.com/Downloads/perf_ssc/bridge-default-html-files/perf-stats-20260130-103001/10.222.61.89.bridge.default.html
2026-02-02 09:16:33,692 | INFO | Start Parsing the file: /Users/nandan.hegde@cohesity.com/Downloads/perf_ssc/bridge-default-html-files/perf-stats-20260130-103001/10.222.61.88.bridge.default.html
2026-02-02 09:16:34,247 | INFO | Finished Parsing file: /Users/nandan.hegde@cohesity.com/Downloads/perf_ssc/bridge-default-html-files/perf-stats-20260130-103001/10.222.61.88.bridge.default.html
2026-02-02 09:16:34,247 | INFO | Start Parsing the file: /Users/nandan.hegde@cohesity.com/Downloads/perf_ssc/bridge-default-html-files/perf-stats-20260130-111501/10.222.61.87.bridge.default.html
2026-02-02 09:16:34,749 | INFO | Finished Parsing file: /Users/nandan.hegde@cohesity.com/Downloads/perf_ssc/bridge-default-html-files/perf-stats-20260130-111501/10.222.61.87.bridge.default.html
2026-02-02 09:16:34,749 | INFO | Start Parsing the file: /Users/nandan.hegde@cohesity.com/Downloads/perf_ssc/bridge-default-html-files/perf-stats-20260130-111501/10.222.61.86.bridge.default.html
2026-02-02 09:16:35,260 | INFO | Finished Parsing file: /Users/nandan.hegde@cohesity.com/Downloads/perf_ssc/bridge-default-html-files/perf-stats-20260130-111501/10.222.61.86.bridge.default.html
2026-02-02 09:16:35,260 | INFO | Start Parsing the file: /Users/nandan.hegde@cohesity.com/Downloads/perf_ssc/bridge-default-html-files/perf-stats-20260130-111501/10.222.61.89.bridge.default.html
2026-02-02 09:16:35,774 | INFO | Finished Parsing file: /Users/nandan.hegde@cohesity.com/Downloads/perf_ssc/bridge-default-html-files/perf-stats-20260130-111501/10.222.61.89.bridge.default.html
2026-02-02 09:16:35,774 | INFO | Start Parsing the file: /Users/nandan.hegde@cohesity.com/Downloads/perf_ssc/bridge-default-html-files/perf-stats-20260130-111501/10.222.61.88.bridge.default.html
2026-02-02 09:16:36,325 | INFO | Finished Parsing file: /Users/nandan.hegde@cohesity.com/Downloads/perf_ssc/bridge-default-html-files/perf-stats-20260130-111501/10.222.61.88.bridge.default.html
2026-02-02 09:16:36,325 | INFO | Start Parsing the file: /Users/nandan.hegde@cohesity.com/Downloads/perf_ssc/bridge-default-html-files/perf-stats-20260130-101501/10.222.61.87.bridge.default.html
2026-02-02 09:16:36,858 | INFO | Finished Parsing file: /Users/nandan.hegde@cohesity.com/Downloads/perf_ssc/bridge-default-html-files/perf-stats-20260130-101501/10.222.61.87.bridge.default.html
2026-02-02 09:16:36,858 | INFO | Start Parsing the file: /Users/nandan.hegde@cohesity.com/Downloads/perf_ssc/bridge-default-html-files/perf-stats-20260130-101501/10.222.61.86.bridge.default.html
2026-02-02 09:16:37,360 | INFO | Finished Parsing file: /Users/nandan.hegde@cohesity.com/Downloads/perf_ssc/bridge-default-html-files/perf-stats-20260130-101501/10.222.61.86.bridge.default.html
2026-02-02 09:16:37,360 | INFO | Start Parsing the file: /Users/nandan.hegde@cohesity.com/Downloads/perf_ssc/bridge-default-html-files/perf-stats-20260130-101501/10.222.61.89.bridge.default.html
2026-02-02 09:16:37,876 | INFO | Finished Parsing file: /Users/nandan.hegde@cohesity.com/Downloads/perf_ssc/bridge-default-html-files/perf-stats-20260130-101501/10.222.61.89.bridge.default.html
2026-02-02 09:16:37,876 | INFO | Start Parsing the file: /Users/nandan.hegde@cohesity.com/Downloads/perf_ssc/bridge-default-html-files/perf-stats-20260130-101501/10.222.61.88.bridge.default.html
2026-02-02 09:16:38,480 | INFO | Finished Parsing file: /Users/nandan.hegde@cohesity.com/Downloads/perf_ssc/bridge-default-html-files/perf-stats-20260130-101501/10.222.61.88.bridge.default.html
2026-02-02 09:16:38,480 | INFO | Start Parsing the file: /Users/nandan.hegde@cohesity.com/Downloads/perf_ssc/bridge-default-html-files/perf-stats-20260130-113001/10.222.61.87.bridge.default.html
2026-02-02 09:16:38,949 | INFO | Finished Parsing file: /Users/nandan.hegde@cohesity.com/Downloads/perf_ssc/bridge-default-html-files/perf-stats-20260130-113001/10.222.61.87.bridge.default.html
2026-02-02 09:16:38,950 | INFO | Start Parsing the file: /Users/nandan.hegde@cohesity.com/Downloads/perf_ssc/bridge-default-html-files/perf-stats-20260130-113001/10.222.61.86.bridge.default.html
2026-02-02 09:16:39,465 | INFO | Finished Parsing file: /Users/nandan.hegde@cohesity.com/Downloads/perf_ssc/bridge-default-html-files/perf-stats-20260130-113001/10.222.61.86.bridge.default.html
2026-02-02 09:16:39,465 | INFO | Start Parsing the file: /Users/nandan.hegde@cohesity.com/Downloads/perf_ssc/bridge-default-html-files/perf-stats-20260130-113001/10.222.61.89.bridge.default.html
2026-02-02 09:16:39,896 | INFO | Finished Parsing file: /Users/nandan.hegde@cohesity.com/Downloads/perf_ssc/bridge-default-html-files/perf-stats-20260130-113001/10.222.61.89.bridge.default.html
2026-02-02 09:16:39,896 | INFO | Start Parsing the file: /Users/nandan.hegde@cohesity.com/Downloads/perf_ssc/bridge-default-html-files/perf-stats-20260130-113001/10.222.61.88.bridge.default.html
2026-02-02 09:16:40,396 | INFO | Finished Parsing file: /Users/nandan.hegde@cohesity.com/Downloads/perf_ssc/bridge-default-html-files/perf-stats-20260130-113001/10.222.61.88.bridge.default.html
2026-02-02 09:16:40,396 | INFO | Start Parsing the file: /Users/nandan.hegde@cohesity.com/Downloads/perf_ssc/bridge-default-html-files/perf-stats-20260130-091501/10.222.61.87.bridge.default.html
2026-02-02 09:16:40,912 | INFO | Finished Parsing file: /Users/nandan.hegde@cohesity.com/Downloads/perf_ssc/bridge-default-html-files/perf-stats-20260130-091501/10.222.61.87.bridge.default.html
2026-02-02 09:16:40,912 | INFO | Start Parsing the file: /Users/nandan.hegde@cohesity.com/Downloads/perf_ssc/bridge-default-html-files/perf-stats-20260130-091501/10.222.61.86.bridge.default.html
2026-02-02 09:16:41,422 | INFO | Finished Parsing file: /Users/nandan.hegde@cohesity.com/Downloads/perf_ssc/bridge-default-html-files/perf-stats-20260130-091501/10.222.61.86.bridge.default.html
2026-02-02 09:16:41,422 | INFO | Start Parsing the file: /Users/nandan.hegde@cohesity.com/Downloads/perf_ssc/bridge-default-html-files/perf-stats-20260130-091501/10.222.61.89.bridge.default.html
2026-02-02 09:16:41,946 | INFO | Finished Parsing file: /Users/nandan.hegde@cohesity.com/Downloads/perf_ssc/bridge-default-html-files/perf-stats-20260130-091501/10.222.61.89.bridge.default.html
2026-02-02 09:16:41,947 | INFO | Start Parsing the file: /Users/nandan.hegde@cohesity.com/Downloads/perf_ssc/bridge-default-html-files/perf-stats-20260130-091501/10.222.61.88.bridge.default.html
2026-02-02 09:16:42,499 | INFO | Finished Parsing file: /Users/nandan.hegde@cohesity.com/Downloads/perf_ssc/bridge-default-html-files/perf-stats-20260130-091501/10.222.61.88.bridge.default.html
2026-02-02 09:16:42,499 | INFO | Start Parsing the file: /Users/nandan.hegde@cohesity.com/Downloads/perf_ssc/bridge-default-html-files/perf-stats-20260130-093001/10.222.61.87.bridge.default.html
2026-02-02 09:16:42,982 | INFO | Finished Parsing file: /Users/nandan.hegde@cohesity.com/Downloads/perf_ssc/bridge-default-html-files/perf-stats-20260130-093001/10.222.61.87.bridge.default.html
2026-02-02 09:16:42,982 | INFO | Start Parsing the file: /Users/nandan.hegde@cohesity.com/Downloads/perf_ssc/bridge-default-html-files/perf-stats-20260130-093001/10.222.61.86.bridge.default.html
2026-02-02 09:16:43,461 | INFO | Finished Parsing file: /Users/nandan.hegde@cohesity.com/Downloads/perf_ssc/bridge-default-html-files/perf-stats-20260130-093001/10.222.61.86.bridge.default.html
2026-02-02 09:16:43,461 | INFO | Start Parsing the file: /Users/nandan.hegde@cohesity.com/Downloads/perf_ssc/bridge-default-html-files/perf-stats-20260130-093001/10.222.61.89.bridge.default.html
2026-02-02 09:16:43,975 | INFO | Finished Parsing file: /Users/nandan.hegde@cohesity.com/Downloads/perf_ssc/bridge-default-html-files/perf-stats-20260130-093001/10.222.61.89.bridge.default.html
2026-02-02 09:16:43,975 | INFO | Start Parsing the file: /Users/nandan.hegde@cohesity.com/Downloads/perf_ssc/bridge-default-html-files/perf-stats-20260130-093001/10.222.61.88.bridge.default.html
2026-02-02 09:16:44,485 | INFO | Finished Parsing file: /Users/nandan.hegde@cohesity.com/Downloads/perf_ssc/bridge-default-html-files/perf-stats-20260130-093001/10.222.61.88.bridge.default.html
2026-02-02 09:16:44,485 | INFO | Start Parsing the file: /Users/nandan.hegde@cohesity.com/Downloads/perf_ssc/bridge-default-html-files/perf-stats-20260130-100001/10.222.61.87.bridge.default.html
2026-02-02 09:16:44,977 | INFO | Finished Parsing file: /Users/nandan.hegde@cohesity.com/Downloads/perf_ssc/bridge-default-html-files/perf-stats-20260130-100001/10.222.61.87.bridge.default.html
2026-02-02 09:16:44,977 | INFO | Start Parsing the file: /Users/nandan.hegde@cohesity.com/Downloads/perf_ssc/bridge-default-html-files/perf-stats-20260130-100001/10.222.61.86.bridge.default.html
2026-02-02 09:16:45,457 | INFO | Finished Parsing file: /Users/nandan.hegde@cohesity.com/Downloads/perf_ssc/bridge-default-html-files/perf-stats-20260130-100001/10.222.61.86.bridge.default.html
2026-02-02 09:16:45,457 | INFO | Start Parsing the file: /Users/nandan.hegde@cohesity.com/Downloads/perf_ssc/bridge-default-html-files/perf-stats-20260130-100001/10.222.61.89.bridge.default.html
2026-02-02 09:16:45,926 | INFO | Finished Parsing file: /Users/nandan.hegde@cohesity.com/Downloads/perf_ssc/bridge-default-html-files/perf-stats-20260130-100001/10.222.61.89.bridge.default.html
2026-02-02 09:16:45,926 | INFO | Start Parsing the file: /Users/nandan.hegde@cohesity.com/Downloads/perf_ssc/bridge-default-html-files/perf-stats-20260130-100001/10.222.61.88.bridge.default.html
2026-02-02 09:16:46,427 | INFO | Finished Parsing file: /Users/nandan.hegde@cohesity.com/Downloads/perf_ssc/bridge-default-html-files/perf-stats-20260130-100001/10.222.61.88.bridge.default.html
2026-02-02 09:16:46,427 | INFO | Start Parsing the file: /Users/nandan.hegde@cohesity.com/Downloads/perf_ssc/bridge-default-html-files/perf-stats-20260130-110001/10.222.61.87.bridge.default.html
2026-02-02 09:16:46,953 | INFO | Finished Parsing file: /Users/nandan.hegde@cohesity.com/Downloads/perf_ssc/bridge-default-html-files/perf-stats-20260130-110001/10.222.61.87.bridge.default.html
2026-02-02 09:16:46,953 | INFO | Start Parsing the file: /Users/nandan.hegde@cohesity.com/Downloads/perf_ssc/bridge-default-html-files/perf-stats-20260130-110001/10.222.61.86.bridge.default.html
2026-02-02 09:16:47,474 | INFO | Finished Parsing file: /Users/nandan.hegde@cohesity.com/Downloads/perf_ssc/bridge-default-html-files/perf-stats-20260130-110001/10.222.61.86.bridge.default.html
2026-02-02 09:16:47,474 | INFO | Start Parsing the file: /Users/nandan.hegde@cohesity.com/Downloads/perf_ssc/bridge-default-html-files/perf-stats-20260130-110001/10.222.61.89.bridge.default.html
2026-02-02 09:16:47,989 | INFO | Finished Parsing file: /Users/nandan.hegde@cohesity.com/Downloads/perf_ssc/bridge-default-html-files/perf-stats-20260130-110001/10.222.61.89.bridge.default.html
2026-02-02 09:16:47,989 | INFO | Start Parsing the file: /Users/nandan.hegde@cohesity.com/Downloads/perf_ssc/bridge-default-html-files/perf-stats-20260130-110001/10.222.61.88.bridge.default.html
2026-02-02 09:16:48,516 | INFO | Finished Parsing file: /Users/nandan.hegde@cohesity.com/Downloads/perf_ssc/bridge-default-html-files/perf-stats-20260130-110001/10.222.61.88.bridge.default.html
2026-02-02 09:16:48,516 | INFO | Start Parsing the file: /Users/nandan.hegde@cohesity.com/Downloads/perf_ssc/bridge-default-html-files/perf-stats-20260130-094501/10.222.61.87.bridge.default.html
2026-02-02 09:16:49,019 | INFO | Finished Parsing file: /Users/nandan.hegde@cohesity.com/Downloads/perf_ssc/bridge-default-html-files/perf-stats-20260130-094501/10.222.61.87.bridge.default.html
2026-02-02 09:16:49,019 | INFO | Start Parsing the file: /Users/nandan.hegde@cohesity.com/Downloads/perf_ssc/bridge-default-html-files/perf-stats-20260130-094501/10.222.61.86.bridge.default.html
2026-02-02 09:16:49,509 | INFO | Finished Parsing file: /Users/nandan.hegde@cohesity.com/Downloads/perf_ssc/bridge-default-html-files/perf-stats-20260130-094501/10.222.61.86.bridge.default.html
2026-02-02 09:16:49,509 | INFO | Start Parsing the file: /Users/nandan.hegde@cohesity.com/Downloads/perf_ssc/bridge-default-html-files/perf-stats-20260130-094501/10.222.61.89.bridge.default.html
2026-02-02 09:16:50,029 | INFO | Finished Parsing file: /Users/nandan.hegde@cohesity.com/Downloads/perf_ssc/bridge-default-html-files/perf-stats-20260130-094501/10.222.61.89.bridge.default.html
2026-02-02 09:16:50,029 | INFO | Start Parsing the file: /Users/nandan.hegde@cohesity.com/Downloads/perf_ssc/bridge-default-html-files/perf-stats-20260130-094501/10.222.61.88.bridge.default.html
2026-02-02 09:16:50,586 | INFO | Finished Parsing file: /Users/nandan.hegde@cohesity.com/Downloads/perf_ssc/bridge-default-html-files/perf-stats-20260130-094501/10.222.61.88.bridge.default.html
2026-02-02 09:16:50,587 | INFO | Start Parsing the file: /Users/nandan.hegde@cohesity.com/Downloads/perf_ssc/bridge-default-html-files/perf-stats-20260130-104502/10.222.61.87.bridge.default.html
2026-02-02 09:16:51,067 | INFO | Finished Parsing file: /Users/nandan.hegde@cohesity.com/Downloads/perf_ssc/bridge-default-html-files/perf-stats-20260130-104502/10.222.61.87.bridge.default.html
2026-02-02 09:16:51,067 | INFO | Start Parsing the file: /Users/nandan.hegde@cohesity.com/Downloads/perf_ssc/bridge-default-html-files/perf-stats-20260130-104502/10.222.61.86.bridge.default.html
2026-02-02 09:16:51,581 | INFO | Finished Parsing file: /Users/nandan.hegde@cohesity.com/Downloads/perf_ssc/bridge-default-html-files/perf-stats-20260130-104502/10.222.61.86.bridge.default.html
2026-02-02 09:16:51,581 | INFO | Start Parsing the file: /Users/nandan.hegde@cohesity.com/Downloads/perf_ssc/bridge-default-html-files/perf-stats-20260130-104502/10.222.61.89.bridge.default.html
2026-02-02 09:16:52,058 | INFO | Finished Parsing file: /Users/nandan.hegde@cohesity.com/Downloads/perf_ssc/bridge-default-html-files/perf-stats-20260130-104502/10.222.61.89.bridge.default.html
2026-02-02 09:16:52,058 | INFO | Start Parsing the file: /Users/nandan.hegde@cohesity.com/Downloads/perf_ssc/bridge-default-html-files/perf-stats-20260130-104502/10.222.61.88.bridge.default.html
2026-02-02 09:16:52,603 | INFO | Finished Parsing file: /Users/nandan.hegde@cohesity.com/Downloads/perf_ssc/bridge-default-html-files/perf-stats-20260130-104502/10.222.61.88.bridge.default.html
2026-02-02 09:16:52,603 | INFO | Finished Parsing all files 
2026-02-02 09:16:52,603 | INFO | Rows: 11818, Columns: 24
2026-02-02 09:16:52,603 | INFO | Column Names Index(['time_created', 'perf_folder_name', 'bridge_node_ip', 'Name/Id',
       'Total/IOs', 'W_IOPS', 'W_BW', 'W_Lat', 'W_Avg OIO', 'W_Avg Size',
       'W_Rand %', 'W_Err', 'R_IOPS', 'R_BW', 'R_Lat', 'R_Avg OIO',
       'R_Avg Size', 'R_Rand %', 'R_Err', 'R_Zero %', 'R_Cache %', 'R_Hydra %',
       'R_SSD %', 'R_FAA %'],
      dtype='str')
2026-02-02 09:16:52,604 | INFO | Sorting Datframe by perf_folder_name
2026-02-02 09:16:52,608 | DEBUG | Inactive bridge node detection completed. Found 0 inactive node(s).
2026-02-02 09:16:52,608 | INFO | No inactive bridge nodes to drop.
2026-02-02 09:16:52,608 | INFO | No inactive bridge nodes to drop.
2026-02-02 09:16:52,609 | INFO | Graph Output will be saved to /Users/nandan.hegde@cohesity.com/Downloads/perf_ssc/bridge_perf_analyser/output/output_20260202_091632/View_Stats_Averaged_over_60_secs 
2026-02-02 09:16:52,609 | INFO | Started Plotting Graphs 
2026-02-02 09:16:52,609 | INFO | Plotting Graph for metric {display_name}
2026-02-02 09:16:53,651 | INFO | Saved plot image: /Users/nandan.hegde@cohesity.com/Downloads/perf_ssc/bridge_perf_analyser/output/output_20260202_091632/View_Stats_Averaged_over_60_secs/Write_IOPS_across_Perf_Traces_Across_Active_Bridge_Nodes.png
2026-02-02 09:16:53,651 | INFO | Plotting Graph for metric {display_name}
2026-02-02 09:16:53,740 | INFO | Saved plot image: /Users/nandan.hegde@cohesity.com/Downloads/perf_ssc/bridge_perf_analyser/output/output_20260202_091632/View_Stats_Averaged_over_60_secs/Write_Bandwidth_MiB_s_across_Perf_Traces_Across_Active_Bridge_Nodes.png
2026-02-02 09:16:53,741 | INFO | Plotting Graph for metric {display_name}
2026-02-02 09:16:53,824 | INFO | Saved plot image: /Users/nandan.hegde@cohesity.com/Downloads/perf_ssc/bridge_perf_analyser/output/output_20260202_091632/View_Stats_Averaged_over_60_secs/Write_Latency_µs_across_Perf_Traces_Across_Active_Bridge_Nodes.png
2026-02-02 09:16:53,825 | INFO | Plotting Graph for metric {display_name}
2026-02-02 09:16:53,903 | INFO | Saved plot image: /Users/nandan.hegde@cohesity.com/Downloads/perf_ssc/bridge_perf_analyser/output/output_20260202_091632/View_Stats_Averaged_over_60_secs/Write_Avg_OIO_across_Perf_Traces_Across_Active_Bridge_Nodes.png
2026-02-02 09:16:53,903 | INFO | Plotting Graph for metric {display_name}
2026-02-02 09:16:53,985 | INFO | Saved plot image: /Users/nandan.hegde@cohesity.com/Downloads/perf_ssc/bridge_perf_analyser/output/output_20260202_091632/View_Stats_Averaged_over_60_secs/Write_Avg_Size_KiB_across_Perf_Traces_Across_Active_Bridge_Nodes.png
2026-02-02 09:16:53,985 | INFO | Plotting Graph for metric {display_name}
2026-02-02 09:16:54,062 | INFO | Saved plot image: /Users/nandan.hegde@cohesity.com/Downloads/perf_ssc/bridge_perf_analyser/output/output_20260202_091632/View_Stats_Averaged_over_60_secs/Write_Random_across_Perf_Traces_Across_Active_Bridge_Nodes.png
2026-02-02 09:16:54,062 | INFO | Plotting Graph for metric {display_name}
2026-02-02 09:16:54,132 | INFO | Saved plot image: /Users/nandan.hegde@cohesity.com/Downloads/perf_ssc/bridge_perf_analyser/output/output_20260202_091632/View_Stats_Averaged_over_60_secs/Write_Errors_across_Perf_Traces_Across_Active_Bridge_Nodes.png
2026-02-02 09:16:54,133 | INFO | Plotting Graph for metric {display_name}
2026-02-02 09:16:54,211 | INFO | Saved plot image: /Users/nandan.hegde@cohesity.com/Downloads/perf_ssc/bridge_perf_analyser/output/output_20260202_091632/View_Stats_Averaged_over_60_secs/Read_IOPS_across_Perf_Traces_Across_Active_Bridge_Nodes.png
2026-02-02 09:16:54,211 | INFO | Plotting Graph for metric {display_name}
2026-02-02 09:16:54,288 | INFO | Saved plot image: /Users/nandan.hegde@cohesity.com/Downloads/perf_ssc/bridge_perf_analyser/output/output_20260202_091632/View_Stats_Averaged_over_60_secs/Read_Bandwidth_MiB_s_across_Perf_Traces_Across_Active_Bridge_Nodes.png
2026-02-02 09:16:54,289 | INFO | Plotting Graph for metric {display_name}
2026-02-02 09:16:54,364 | INFO | Saved plot image: /Users/nandan.hegde@cohesity.com/Downloads/perf_ssc/bridge_perf_analyser/output/output_20260202_091632/View_Stats_Averaged_over_60_secs/Read_Latency_µs_across_Perf_Traces_Across_Active_Bridge_Nodes.png
2026-02-02 09:16:54,365 | INFO | Plotting Graph for metric {display_name}
2026-02-02 09:16:54,433 | INFO | Saved plot image: /Users/nandan.hegde@cohesity.com/Downloads/perf_ssc/bridge_perf_analyser/output/output_20260202_091632/View_Stats_Averaged_over_60_secs/Read_Avg_OIO_across_Perf_Traces_Across_Active_Bridge_Nodes.png
2026-02-02 09:16:54,434 | INFO | Plotting Graph for metric {display_name}
2026-02-02 09:16:54,512 | INFO | Saved plot image: /Users/nandan.hegde@cohesity.com/Downloads/perf_ssc/bridge_perf_analyser/output/output_20260202_091632/View_Stats_Averaged_over_60_secs/Read_Avg_Size_KiB_across_Perf_Traces_Across_Active_Bridge_Nodes.png
2026-02-02 09:16:54,513 | INFO | Plotting Graph for metric {display_name}
2026-02-02 09:16:54,585 | INFO | Saved plot image: /Users/nandan.hegde@cohesity.com/Downloads/perf_ssc/bridge_perf_analyser/output/output_20260202_091632/View_Stats_Averaged_over_60_secs/Read_Random_across_Perf_Traces_Across_Active_Bridge_Nodes.png
2026-02-02 09:16:54,586 | INFO | Plotting Graph for metric {display_name}
2026-02-02 09:16:54,652 | INFO | Saved plot image: /Users/nandan.hegde@cohesity.com/Downloads/perf_ssc/bridge_perf_analyser/output/output_20260202_091632/View_Stats_Averaged_over_60_secs/Read_Errors_across_Perf_Traces_Across_Active_Bridge_Nodes.png
2026-02-02 09:16:54,653 | INFO | Plotting Graph for metric {display_name}
2026-02-02 09:16:54,719 | INFO | Saved plot image: /Users/nandan.hegde@cohesity.com/Downloads/perf_ssc/bridge_perf_analyser/output/output_20260202_091632/View_Stats_Averaged_over_60_secs/Read_Zero_across_Perf_Traces_Across_Active_Bridge_Nodes.png
2026-02-02 09:16:54,719 | INFO | Plotting Graph for metric {display_name}
2026-02-02 09:16:54,786 | INFO | Saved plot image: /Users/nandan.hegde@cohesity.com/Downloads/perf_ssc/bridge_perf_analyser/output/output_20260202_091632/View_Stats_Averaged_over_60_secs/Read_Cache_across_Perf_Traces_Across_Active_Bridge_Nodes.png
2026-02-02 09:16:54,786 | INFO | Plotting Graph for metric {display_name}
2026-02-02 09:16:54,876 | INFO | Saved plot image: /Users/nandan.hegde@cohesity.com/Downloads/perf_ssc/bridge_perf_analyser/output/output_20260202_091632/View_Stats_Averaged_over_60_secs/Read_Hydra_across_Perf_Traces_Across_Active_Bridge_Nodes.png
2026-02-02 09:16:54,877 | INFO | Plotting Graph for metric {display_name}
2026-02-02 09:16:54,949 | INFO | Saved plot image: /Users/nandan.hegde@cohesity.com/Downloads/perf_ssc/bridge_perf_analyser/output/output_20260202_091632/View_Stats_Averaged_over_60_secs/Read_SSD_across_Perf_Traces_Across_Active_Bridge_Nodes.png
2026-02-02 09:16:54,949 | INFO | Plotting Graph for metric {display_name}
2026-02-02 09:16:55,015 | INFO | Saved plot image: /Users/nandan.hegde@cohesity.com/Downloads/perf_ssc/bridge_perf_analyser/output/output_20260202_091632/View_Stats_Averaged_over_60_secs/Read_FAA_across_Perf_Traces_Across_Active_Bridge_Nodes.png
2026-02-02 09:16:55,015 | INFO | Finished Plotting Graphs and its saved to folder {safe_stat_name}
