2026-02-01 22:57:43,091 | INFO | User wants stats analyser for the table : View Stats Averaged over 60 secs
2026-02-01 22:57:43,091 | INFO | User wants stats analyser for View Stats Averaged over 60 secs for the Name/Id : 10907017373:TestAndDev:6
2026-02-01 22:57:43,091 | INFO | Perf stats processing started
2026-02-01 22:57:43,095 | INFO | Total Bridge Default HTML files discovered: 40
2026-02-01 22:57:43,109 | INFO | Start Parsing the file: /Users/nandan.hegde@cohesity.com/Downloads/perf_ssc/bridge-default-html-files/perf-stats-20260130-103001/10.222.61.87.bridge.default.html
2026-02-01 22:57:43,556 | INFO | Finished Parsing file: /Users/nandan.hegde@cohesity.com/Downloads/perf_ssc/bridge-default-html-files/perf-stats-20260130-103001/10.222.61.87.bridge.default.html
2026-02-01 22:57:43,556 | INFO | Start Parsing the file: /Users/nandan.hegde@cohesity.com/Downloads/perf_ssc/bridge-default-html-files/perf-stats-20260130-103001/10.222.61.86.bridge.default.html
2026-02-01 22:57:43,995 | INFO | Finished Parsing file: /Users/nandan.hegde@cohesity.com/Downloads/perf_ssc/bridge-default-html-files/perf-stats-20260130-103001/10.222.61.86.bridge.default.html
2026-02-01 22:57:43,996 | INFO | Start Parsing the file: /Users/nandan.hegde@cohesity.com/Downloads/perf_ssc/bridge-default-html-files/perf-stats-20260130-103001/10.222.61.89.bridge.default.html
2026-02-01 22:57:44,467 | INFO | Finished Parsing file: /Users/nandan.hegde@cohesity.com/Downloads/perf_ssc/bridge-default-html-files/perf-stats-20260130-103001/10.222.61.89.bridge.default.html
2026-02-01 22:57:44,467 | INFO | Start Parsing the file: /Users/nandan.hegde@cohesity.com/Downloads/perf_ssc/bridge-default-html-files/perf-stats-20260130-103001/10.222.61.88.bridge.default.html
2026-02-01 22:57:44,957 | INFO | Finished Parsing file: /Users/nandan.hegde@cohesity.com/Downloads/perf_ssc/bridge-default-html-files/perf-stats-20260130-103001/10.222.61.88.bridge.default.html
2026-02-01 22:57:44,957 | INFO | Start Parsing the file: /Users/nandan.hegde@cohesity.com/Downloads/perf_ssc/bridge-default-html-files/perf-stats-20260130-111501/10.222.61.87.bridge.default.html
2026-02-01 22:57:45,402 | INFO | Finished Parsing file: /Users/nandan.hegde@cohesity.com/Downloads/perf_ssc/bridge-default-html-files/perf-stats-20260130-111501/10.222.61.87.bridge.default.html
2026-02-01 22:57:45,402 | INFO | Start Parsing the file: /Users/nandan.hegde@cohesity.com/Downloads/perf_ssc/bridge-default-html-files/perf-stats-20260130-111501/10.222.61.86.bridge.default.html
2026-02-01 22:57:45,876 | INFO | Finished Parsing file: /Users/nandan.hegde@cohesity.com/Downloads/perf_ssc/bridge-default-html-files/perf-stats-20260130-111501/10.222.61.86.bridge.default.html
2026-02-01 22:57:45,876 | INFO | Start Parsing the file: /Users/nandan.hegde@cohesity.com/Downloads/perf_ssc/bridge-default-html-files/perf-stats-20260130-111501/10.222.61.89.bridge.default.html
2026-02-01 22:57:46,292 | INFO | Finished Parsing file: /Users/nandan.hegde@cohesity.com/Downloads/perf_ssc/bridge-default-html-files/perf-stats-20260130-111501/10.222.61.89.bridge.default.html
2026-02-01 22:57:46,292 | INFO | Start Parsing the file: /Users/nandan.hegde@cohesity.com/Downloads/perf_ssc/bridge-default-html-files/perf-stats-20260130-111501/10.222.61.88.bridge.default.html
2026-02-01 22:57:46,782 | INFO | Finished Parsing file: /Users/nandan.hegde@cohesity.com/Downloads/perf_ssc/bridge-default-html-files/perf-stats-20260130-111501/10.222.61.88.bridge.default.html
2026-02-01 22:57:46,782 | INFO | Start Parsing the file: /Users/nandan.hegde@cohesity.com/Downloads/perf_ssc/bridge-default-html-files/perf-stats-20260130-101501/10.222.61.87.bridge.default.html
2026-02-01 22:57:47,259 | INFO | Finished Parsing file: /Users/nandan.hegde@cohesity.com/Downloads/perf_ssc/bridge-default-html-files/perf-stats-20260130-101501/10.222.61.87.bridge.default.html
2026-02-01 22:57:47,260 | INFO | Start Parsing the file: /Users/nandan.hegde@cohesity.com/Downloads/perf_ssc/bridge-default-html-files/perf-stats-20260130-101501/10.222.61.86.bridge.default.html
2026-02-01 22:57:47,718 | INFO | Finished Parsing file: /Users/nandan.hegde@cohesity.com/Downloads/perf_ssc/bridge-default-html-files/perf-stats-20260130-101501/10.222.61.86.bridge.default.html
2026-02-01 22:57:47,718 | INFO | Start Parsing the file: /Users/nandan.hegde@cohesity.com/Downloads/perf_ssc/bridge-default-html-files/perf-stats-20260130-101501/10.222.61.89.bridge.default.html
2026-02-01 22:57:48,133 | INFO | Finished Parsing file: /Users/nandan.hegde@cohesity.com/Downloads/perf_ssc/bridge-default-html-files/perf-stats-20260130-101501/10.222.61.89.bridge.default.html
2026-02-01 22:57:48,134 | INFO | Start Parsing the file: /Users/nandan.hegde@cohesity.com/Downloads/perf_ssc/bridge-default-html-files/perf-stats-20260130-101501/10.222.61.88.bridge.default.html
2026-02-01 22:57:48,726 | INFO | Finished Parsing file: /Users/nandan.hegde@cohesity.com/Downloads/perf_ssc/bridge-default-html-files/perf-stats-20260130-101501/10.222.61.88.bridge.default.html
2026-02-01 22:57:48,726 | INFO | Start Parsing the file: /Users/nandan.hegde@cohesity.com/Downloads/perf_ssc/bridge-default-html-files/perf-stats-20260130-113001/10.222.61.87.bridge.default.html
2026-02-01 22:57:49,158 | INFO | Finished Parsing file: /Users/nandan.hegde@cohesity.com/Downloads/perf_ssc/bridge-default-html-files/perf-stats-20260130-113001/10.222.61.87.bridge.default.html
2026-02-01 22:57:49,158 | INFO | Start Parsing the file: /Users/nandan.hegde@cohesity.com/Downloads/perf_ssc/bridge-default-html-files/perf-stats-20260130-113001/10.222.61.86.bridge.default.html
2026-02-01 22:57:49,675 | INFO | Finished Parsing file: /Users/nandan.hegde@cohesity.com/Downloads/perf_ssc/bridge-default-html-files/perf-stats-20260130-113001/10.222.61.86.bridge.default.html
2026-02-01 22:57:49,675 | INFO | Start Parsing the file: /Users/nandan.hegde@cohesity.com/Downloads/perf_ssc/bridge-default-html-files/perf-stats-20260130-113001/10.222.61.89.bridge.default.html
2026-02-01 22:57:50,032 | INFO | Finished Parsing file: /Users/nandan.hegde@cohesity.com/Downloads/perf_ssc/bridge-default-html-files/perf-stats-20260130-113001/10.222.61.89.bridge.default.html
2026-02-01 22:57:50,032 | INFO | Start Parsing the file: /Users/nandan.hegde@cohesity.com/Downloads/perf_ssc/bridge-default-html-files/perf-stats-20260130-113001/10.222.61.88.bridge.default.html
2026-02-01 22:57:50,531 | INFO | Finished Parsing file: /Users/nandan.hegde@cohesity.com/Downloads/perf_ssc/bridge-default-html-files/perf-stats-20260130-113001/10.222.61.88.bridge.default.html
2026-02-01 22:57:50,531 | INFO | Start Parsing the file: /Users/nandan.hegde@cohesity.com/Downloads/perf_ssc/bridge-default-html-files/perf-stats-20260130-091501/10.222.61.87.bridge.default.html
2026-02-01 22:57:50,948 | INFO | Finished Parsing file: /Users/nandan.hegde@cohesity.com/Downloads/perf_ssc/bridge-default-html-files/perf-stats-20260130-091501/10.222.61.87.bridge.default.html
2026-02-01 22:57:50,948 | INFO | Start Parsing the file: /Users/nandan.hegde@cohesity.com/Downloads/perf_ssc/bridge-default-html-files/perf-stats-20260130-091501/10.222.61.86.bridge.default.html
2026-02-01 22:57:51,438 | INFO | Finished Parsing file: /Users/nandan.hegde@cohesity.com/Downloads/perf_ssc/bridge-default-html-files/perf-stats-20260130-091501/10.222.61.86.bridge.default.html
2026-02-01 22:57:51,438 | INFO | Start Parsing the file: /Users/nandan.hegde@cohesity.com/Downloads/perf_ssc/bridge-default-html-files/perf-stats-20260130-091501/10.222.61.89.bridge.default.html
2026-02-01 22:57:51,871 | INFO | Finished Parsing file: /Users/nandan.hegde@cohesity.com/Downloads/perf_ssc/bridge-default-html-files/perf-stats-20260130-091501/10.222.61.89.bridge.default.html
2026-02-01 22:57:51,871 | INFO | Start Parsing the file: /Users/nandan.hegde@cohesity.com/Downloads/perf_ssc/bridge-default-html-files/perf-stats-20260130-091501/10.222.61.88.bridge.default.html
2026-02-01 22:57:52,418 | INFO | Finished Parsing file: /Users/nandan.hegde@cohesity.com/Downloads/perf_ssc/bridge-default-html-files/perf-stats-20260130-091501/10.222.61.88.bridge.default.html
2026-02-01 22:57:52,419 | INFO | Start Parsing the file: /Users/nandan.hegde@cohesity.com/Downloads/perf_ssc/bridge-default-html-files/perf-stats-20260130-093001/10.222.61.87.bridge.default.html
2026-02-01 22:57:52,816 | INFO | Finished Parsing file: /Users/nandan.hegde@cohesity.com/Downloads/perf_ssc/bridge-default-html-files/perf-stats-20260130-093001/10.222.61.87.bridge.default.html
2026-02-01 22:57:52,816 | INFO | Start Parsing the file: /Users/nandan.hegde@cohesity.com/Downloads/perf_ssc/bridge-default-html-files/perf-stats-20260130-093001/10.222.61.86.bridge.default.html
2026-02-01 22:57:53,304 | INFO | Finished Parsing file: /Users/nandan.hegde@cohesity.com/Downloads/perf_ssc/bridge-default-html-files/perf-stats-20260130-093001/10.222.61.86.bridge.default.html
2026-02-01 22:57:53,304 | INFO | Start Parsing the file: /Users/nandan.hegde@cohesity.com/Downloads/perf_ssc/bridge-default-html-files/perf-stats-20260130-093001/10.222.61.89.bridge.default.html
2026-02-01 22:57:53,724 | INFO | Finished Parsing file: /Users/nandan.hegde@cohesity.com/Downloads/perf_ssc/bridge-default-html-files/perf-stats-20260130-093001/10.222.61.89.bridge.default.html
2026-02-01 22:57:53,724 | INFO | Start Parsing the file: /Users/nandan.hegde@cohesity.com/Downloads/perf_ssc/bridge-default-html-files/perf-stats-20260130-093001/10.222.61.88.bridge.default.html
2026-02-01 22:57:54,205 | INFO | Finished Parsing file: /Users/nandan.hegde@cohesity.com/Downloads/perf_ssc/bridge-default-html-files/perf-stats-20260130-093001/10.222.61.88.bridge.default.html
2026-02-01 22:57:54,206 | INFO | Start Parsing the file: /Users/nandan.hegde@cohesity.com/Downloads/perf_ssc/bridge-default-html-files/perf-stats-20260130-100001/10.222.61.87.bridge.default.html
2026-02-01 22:57:54,633 | INFO | Finished Parsing file: /Users/nandan.hegde@cohesity.com/Downloads/perf_ssc/bridge-default-html-files/perf-stats-20260130-100001/10.222.61.87.bridge.default.html
2026-02-01 22:57:54,633 | INFO | Start Parsing the file: /Users/nandan.hegde@cohesity.com/Downloads/perf_ssc/bridge-default-html-files/perf-stats-20260130-100001/10.222.61.86.bridge.default.html
2026-02-01 22:57:55,050 | INFO | Finished Parsing file: /Users/nandan.hegde@cohesity.com/Downloads/perf_ssc/bridge-default-html-files/perf-stats-20260130-100001/10.222.61.86.bridge.default.html
2026-02-01 22:57:55,050 | INFO | Start Parsing the file: /Users/nandan.hegde@cohesity.com/Downloads/perf_ssc/bridge-default-html-files/perf-stats-20260130-100001/10.222.61.89.bridge.default.html
2026-02-01 22:57:55,429 | INFO | Finished Parsing file: /Users/nandan.hegde@cohesity.com/Downloads/perf_ssc/bridge-default-html-files/perf-stats-20260130-100001/10.222.61.89.bridge.default.html
2026-02-01 22:57:55,430 | INFO | Start Parsing the file: /Users/nandan.hegde@cohesity.com/Downloads/perf_ssc/bridge-default-html-files/perf-stats-20260130-100001/10.222.61.88.bridge.default.html
2026-02-01 22:57:55,876 | INFO | Finished Parsing file: /Users/nandan.hegde@cohesity.com/Downloads/perf_ssc/bridge-default-html-files/perf-stats-20260130-100001/10.222.61.88.bridge.default.html
2026-02-01 22:57:55,877 | INFO | Start Parsing the file: /Users/nandan.hegde@cohesity.com/Downloads/perf_ssc/bridge-default-html-files/perf-stats-20260130-110001/10.222.61.87.bridge.default.html
2026-02-01 22:57:56,328 | INFO | Finished Parsing file: /Users/nandan.hegde@cohesity.com/Downloads/perf_ssc/bridge-default-html-files/perf-stats-20260130-110001/10.222.61.87.bridge.default.html
2026-02-01 22:57:56,329 | INFO | Start Parsing the file: /Users/nandan.hegde@cohesity.com/Downloads/perf_ssc/bridge-default-html-files/perf-stats-20260130-110001/10.222.61.86.bridge.default.html
2026-02-01 22:57:56,789 | INFO | Finished Parsing file: /Users/nandan.hegde@cohesity.com/Downloads/perf_ssc/bridge-default-html-files/perf-stats-20260130-110001/10.222.61.86.bridge.default.html
2026-02-01 22:57:56,790 | INFO | Start Parsing the file: /Users/nandan.hegde@cohesity.com/Downloads/perf_ssc/bridge-default-html-files/perf-stats-20260130-110001/10.222.61.89.bridge.default.html
2026-02-01 22:57:57,246 | INFO | Finished Parsing file: /Users/nandan.hegde@cohesity.com/Downloads/perf_ssc/bridge-default-html-files/perf-stats-20260130-110001/10.222.61.89.bridge.default.html
2026-02-01 22:57:57,246 | INFO | Start Parsing the file: /Users/nandan.hegde@cohesity.com/Downloads/perf_ssc/bridge-default-html-files/perf-stats-20260130-110001/10.222.61.88.bridge.default.html
2026-02-01 22:57:57,736 | INFO | Finished Parsing file: /Users/nandan.hegde@cohesity.com/Downloads/perf_ssc/bridge-default-html-files/perf-stats-20260130-110001/10.222.61.88.bridge.default.html
2026-02-01 22:57:57,736 | INFO | Start Parsing the file: /Users/nandan.hegde@cohesity.com/Downloads/perf_ssc/bridge-default-html-files/perf-stats-20260130-094501/10.222.61.87.bridge.default.html
2026-02-01 22:57:58,144 | INFO | Finished Parsing file: /Users/nandan.hegde@cohesity.com/Downloads/perf_ssc/bridge-default-html-files/perf-stats-20260130-094501/10.222.61.87.bridge.default.html
2026-02-01 22:57:58,144 | INFO | Start Parsing the file: /Users/nandan.hegde@cohesity.com/Downloads/perf_ssc/bridge-default-html-files/perf-stats-20260130-094501/10.222.61.86.bridge.default.html
2026-02-01 22:57:58,627 | INFO | Finished Parsing file: /Users/nandan.hegde@cohesity.com/Downloads/perf_ssc/bridge-default-html-files/perf-stats-20260130-094501/10.222.61.86.bridge.default.html
2026-02-01 22:57:58,627 | INFO | Start Parsing the file: /Users/nandan.hegde@cohesity.com/Downloads/perf_ssc/bridge-default-html-files/perf-stats-20260130-094501/10.222.61.89.bridge.default.html
2026-02-01 22:57:59,105 | INFO | Finished Parsing file: /Users/nandan.hegde@cohesity.com/Downloads/perf_ssc/bridge-default-html-files/perf-stats-20260130-094501/10.222.61.89.bridge.default.html
2026-02-01 22:57:59,105 | INFO | Start Parsing the file: /Users/nandan.hegde@cohesity.com/Downloads/perf_ssc/bridge-default-html-files/perf-stats-20260130-094501/10.222.61.88.bridge.default.html
2026-02-01 22:57:59,613 | INFO | Finished Parsing file: /Users/nandan.hegde@cohesity.com/Downloads/perf_ssc/bridge-default-html-files/perf-stats-20260130-094501/10.222.61.88.bridge.default.html
2026-02-01 22:57:59,614 | INFO | Start Parsing the file: /Users/nandan.hegde@cohesity.com/Downloads/perf_ssc/bridge-default-html-files/perf-stats-20260130-104502/10.222.61.87.bridge.default.html
2026-02-01 22:58:00,049 | INFO | Finished Parsing file: /Users/nandan.hegde@cohesity.com/Downloads/perf_ssc/bridge-default-html-files/perf-stats-20260130-104502/10.222.61.87.bridge.default.html
2026-02-01 22:58:00,049 | INFO | Start Parsing the file: /Users/nandan.hegde@cohesity.com/Downloads/perf_ssc/bridge-default-html-files/perf-stats-20260130-104502/10.222.61.86.bridge.default.html
2026-02-01 22:58:00,511 | INFO | Finished Parsing file: /Users/nandan.hegde@cohesity.com/Downloads/perf_ssc/bridge-default-html-files/perf-stats-20260130-104502/10.222.61.86.bridge.default.html
2026-02-01 22:58:00,511 | INFO | Start Parsing the file: /Users/nandan.hegde@cohesity.com/Downloads/perf_ssc/bridge-default-html-files/perf-stats-20260130-104502/10.222.61.89.bridge.default.html
2026-02-01 22:58:00,880 | INFO | Finished Parsing file: /Users/nandan.hegde@cohesity.com/Downloads/perf_ssc/bridge-default-html-files/perf-stats-20260130-104502/10.222.61.89.bridge.default.html
2026-02-01 22:58:00,880 | INFO | Start Parsing the file: /Users/nandan.hegde@cohesity.com/Downloads/perf_ssc/bridge-default-html-files/perf-stats-20260130-104502/10.222.61.88.bridge.default.html
2026-02-01 22:58:01,368 | INFO | Finished Parsing file: /Users/nandan.hegde@cohesity.com/Downloads/perf_ssc/bridge-default-html-files/perf-stats-20260130-104502/10.222.61.88.bridge.default.html
2026-02-01 22:58:01,368 | INFO | Finished Parsing all files 
2026-02-01 22:58:01,368 | INFO | Rows: 11818, Columns: 24
2026-02-01 22:58:01,368 | INFO | Column Names Index(['time_created', 'perf_folder_name', 'bridge_node_ip', 'Name/Id',
       'Total/IOs', 'W_IOPS', 'W_BW', 'W_Lat', 'W_Avg OIO', 'W_Avg Size',
       'W_Rand %', 'W_Err', 'R_IOPS', 'R_BW', 'R_Lat', 'R_Avg OIO',
       'R_Avg Size', 'R_Rand %', 'R_Err', 'R_Zero %', 'R_Cache %', 'R_Hydra %',
       'R_SSD %', 'R_FAA %'],
      dtype='str')
2026-02-01 22:58:01,375 | INFO | No inactive bridge nodes to drop.
2026-02-01 22:58:01,375 | INFO | No inactive bridge nodes to drop.
2026-02-01 22:58:01,611 | INFO | Saved plot image: /Users/nandan.hegde@cohesity.com/Downloads/perf_ssc/bridge_perf_analyser/output/output_20260201_225743/View_Stats_Averaged_over_60_secs/Write_IOPS_across_Perf_Traces_Across_Bridge_Node.png
2026-02-01 22:58:01,723 | INFO | Saved plot image: /Users/nandan.hegde@cohesity.com/Downloads/perf_ssc/bridge_perf_analyser/output/output_20260201_225743/View_Stats_Averaged_over_60_secs/Write_Bandwidth_MiB_s_across_Perf_Traces_Across_Bridge_Node.png
2026-02-01 22:58:01,833 | INFO | Saved plot image: /Users/nandan.hegde@cohesity.com/Downloads/perf_ssc/bridge_perf_analyser/output/output_20260201_225743/View_Stats_Averaged_over_60_secs/Write_Latency_µs_across_Perf_Traces_Across_Bridge_Node.png
2026-02-01 22:58:01,939 | INFO | Saved plot image: /Users/nandan.hegde@cohesity.com/Downloads/perf_ssc/bridge_perf_analyser/output/output_20260201_225743/View_Stats_Averaged_over_60_secs/Write_Avg_OIO_across_Perf_Traces_Across_Bridge_Node.png
2026-02-01 22:58:02,051 | INFO | Saved plot image: /Users/nandan.hegde@cohesity.com/Downloads/perf_ssc/bridge_perf_analyser/output/output_20260201_225743/View_Stats_Averaged_over_60_secs/Write_Avg_Size_KiB_across_Perf_Traces_Across_Bridge_Node.png
2026-02-01 22:58:02,158 | INFO | Saved plot image: /Users/nandan.hegde@cohesity.com/Downloads/perf_ssc/bridge_perf_analyser/output/output_20260201_225743/View_Stats_Averaged_over_60_secs/Write_Random_across_Perf_Traces_Across_Bridge_Node.png
2026-02-01 22:58:02,267 | INFO | Saved plot image: /Users/nandan.hegde@cohesity.com/Downloads/perf_ssc/bridge_perf_analyser/output/output_20260201_225743/View_Stats_Averaged_over_60_secs/Write_Errors_across_Perf_Traces_Across_Bridge_Node.png
2026-02-01 22:58:02,378 | INFO | Saved plot image: /Users/nandan.hegde@cohesity.com/Downloads/perf_ssc/bridge_perf_analyser/output/output_20260201_225743/View_Stats_Averaged_over_60_secs/Read_IOPS_across_Perf_Traces_Across_Bridge_Node.png
2026-02-01 22:58:02,487 | INFO | Saved plot image: /Users/nandan.hegde@cohesity.com/Downloads/perf_ssc/bridge_perf_analyser/output/output_20260201_225743/View_Stats_Averaged_over_60_secs/Read_Bandwidth_MiB_s_across_Perf_Traces_Across_Bridge_Node.png
2026-02-01 22:58:02,592 | INFO | Saved plot image: /Users/nandan.hegde@cohesity.com/Downloads/perf_ssc/bridge_perf_analyser/output/output_20260201_225743/View_Stats_Averaged_over_60_secs/Read_Latency_µs_across_Perf_Traces_Across_Bridge_Node.png
2026-02-01 22:58:02,692 | INFO | Saved plot image: /Users/nandan.hegde@cohesity.com/Downloads/perf_ssc/bridge_perf_analyser/output/output_20260201_225743/View_Stats_Averaged_over_60_secs/Read_Avg_OIO_across_Perf_Traces_Across_Bridge_Node.png
2026-02-01 22:58:02,801 | INFO | Saved plot image: /Users/nandan.hegde@cohesity.com/Downloads/perf_ssc/bridge_perf_analyser/output/output_20260201_225743/View_Stats_Averaged_over_60_secs/Read_Avg_Size_KiB_across_Perf_Traces_Across_Bridge_Node.png
2026-02-01 22:58:02,907 | INFO | Saved plot image: /Users/nandan.hegde@cohesity.com/Downloads/perf_ssc/bridge_perf_analyser/output/output_20260201_225743/View_Stats_Averaged_over_60_secs/Read_Random_across_Perf_Traces_Across_Bridge_Node.png
2026-02-01 22:58:03,007 | INFO | Saved plot image: /Users/nandan.hegde@cohesity.com/Downloads/perf_ssc/bridge_perf_analyser/output/output_20260201_225743/View_Stats_Averaged_over_60_secs/Read_Errors_across_Perf_Traces_Across_Bridge_Node.png
2026-02-01 22:58:03,109 | INFO | Saved plot image: /Users/nandan.hegde@cohesity.com/Downloads/perf_ssc/bridge_perf_analyser/output/output_20260201_225743/View_Stats_Averaged_over_60_secs/Read_Zero_across_Perf_Traces_Across_Bridge_Node.png
2026-02-01 22:58:03,205 | INFO | Saved plot image: /Users/nandan.hegde@cohesity.com/Downloads/perf_ssc/bridge_perf_analyser/output/output_20260201_225743/View_Stats_Averaged_over_60_secs/Read_Cache_across_Perf_Traces_Across_Bridge_Node.png
2026-02-01 22:58:03,302 | INFO | Saved plot image: /Users/nandan.hegde@cohesity.com/Downloads/perf_ssc/bridge_perf_analyser/output/output_20260201_225743/View_Stats_Averaged_over_60_secs/Read_Hydra_across_Perf_Traces_Across_Bridge_Node.png
2026-02-01 22:58:03,406 | INFO | Saved plot image: /Users/nandan.hegde@cohesity.com/Downloads/perf_ssc/bridge_perf_analyser/output/output_20260201_225743/View_Stats_Averaged_over_60_secs/Read_SSD_across_Perf_Traces_Across_Bridge_Node.png
2026-02-01 22:58:03,507 | INFO | Saved plot image: /Users/nandan.hegde@cohesity.com/Downloads/perf_ssc/bridge_perf_analyser/output/output_20260201_225743/View_Stats_Averaged_over_60_secs/Read_FAA_across_Perf_Traces_Across_Bridge_Node.png
